
**** Build of configuration Debug for project tirtos_builds_CC1310_LAUNCHXL_release_ccs ****

"C:\\ti\\ccsv7\\utils\\bin\\gmake" -k -j 4 all -O 
 
'Building file: "../release.cfg"'
'Invoking: XDCtools'
"C:/ti/xdctools_3_50_04_43_core/xs" --xdcpath="C:/ti/simplelink_cc13x0_sdk_1_60_00_21/source;C:/ti/simplelink_cc13x0_sdk_1_60_00_21/kernel/tirtos/packages;C:/ti/ccsv7/ccs_base;" xdc.tools.configuro -o configPkg -t ti.targets.arm.elf.M3 -p ti.platforms.simplelink:CC1310F128 -r release -c "C:/ti/ccsv7/tools/compiler/ti-cgt-arm_16.9.7.LTS" --compileOptions " -DDeviceFamily_CC13X0 " "../release.cfg"
making package.mak (because of package.bld) ...
generating interfaces for package configPkg (because package/package.xdc.inc is older than package.xdc) ...
configuring release.xem3 from package/cfg/release_pem3.cfg ...
generating custom ROM library makefile ... 
Starting build of library sources ...
making D:/GIT/01_WPGS/02_FW/01_WSM/13_EasyLinkWLGM/tirtos_builds_CC1310_LAUNCHXL_release_ccs/src/sysbios/rom_sysbios.aem3 ...
gmake[1]: Entering directory `D:/GIT/01_WPGS/02_FW/01_WSM/13_EasyLinkWLGM/tirtos_builds_CC1310_LAUNCHXL_release_ccs/src/sysbios'
clem3 C:/ti/simplelink_cc13x0_sdk_1_60_00_21/kernel/tirtos/packages/ti/sysbios/BIOS.c ...
asmem3 C:/ti/simplelink_cc13x0_sdk_1_60_00_21/kernel/tirtos/packages/ti/sysbios/family/arm/m3/Hwi_asm.sv7M ...
asmem3 C:/ti/simplelink_cc13x0_sdk_1_60_00_21/kernel/tirtos/packages/ti/sysbios/family/arm/m3/Hwi_asm_switch.sv7M ...
asmem3 C:/ti/simplelink_cc13x0_sdk_1_60_00_21/kernel/tirtos/packages/ti/sysbios/family/arm/m3/IntrinsicsSupport_asm.sv7M ...
asmem3 C:/ti/simplelink_cc13x0_sdk_1_60_00_21/kernel/tirtos/packages/ti/sysbios/family/arm/m3/TaskSupport_asm.sv7M ...
arem3 rom_sysbios.obj m3_Hwi_asm.obj m3_Hwi_asm_switch.obj m3_IntrinsicsSupport_asm.obj m3_TaskSupport_asm.obj ...
gmake[1]: Leaving directory `D:/GIT/01_WPGS/02_FW/01_WSM/13_EasyLinkWLGM/tirtos_builds_CC1310_LAUNCHXL_release_ccs/src/sysbios'
Build of libraries done.
clem3 package/cfg/release_pem3.c ...
'Finished building: "../release.cfg"'
 
        1개 파일이 복사되었습니다.
making ../src/sysbios/rom_sysbios.aem3 ...
gmake[1]: Nothing to be done for 'all'.
gmake[1]: Nothing to be done for 'configPkg/linker.cmd'.
making ../src/sysbios/rom_sysbios.aem3 ...
gmake[2]: Nothing to be done for 'all'.

**** Build Finished ****

**** Build of configuration Debug for project rfWsnConcentrator_CC1310_LAUNCHXL_tirtos_ccs ****

"C:\\ti\\ccsv7\\utils\\bin\\gmake" -k -j 4 all -O 
 
'Building file: "../ccfg.c"'
'Invoking: ARM Compiler'
"C:/ti/ccsv7/tools/compiler/ti-cgt-arm_16.9.7.LTS/bin/armcl" -mv7M3 --code_state=16 --float_support=vfplib -me --include_path="D:/GIT/01_WPGS/02_FW/01_WSM/13_EasyLinkWLGM/rfWsnConcentrator_CC1310_LAUNCHXL_tirtos_ccs" --include_path="C:/ti/simplelink_cc13x0_sdk_1_60_00_21/source/ti/posix/ccs" --include_path="C:/ti/ccsv7/tools/compiler/ti-cgt-arm_16.9.7.LTS/include" --define=BOARD_DISPLAY_USE_LCD=1 --define=DeviceFamily_CC13X0 --define=CCFG_FORCE_VDDR_HH=0 -g --diag_warning=225 --diag_warning=255 --diag_wrap=off --display_error_number --gen_func_subsections=on --preproc_with_compile --preproc_dependency="ccfg.d_raw" --cmd_file="D:/GIT/01_WPGS/02_FW/01_WSM/13_EasyLinkWLGM/tirtos_builds_CC1310_LAUNCHXL_release_ccs/Debug/configPkg/compiler.opt" "../ccfg.c"
'Finished building: "../ccfg.c"'
 
'Building file: "../CC1310_LAUNCHXL.c"'
'Invoking: ARM Compiler'
"C:/ti/ccsv7/tools/compiler/ti-cgt-arm_16.9.7.LTS/bin/armcl" -mv7M3 --code_state=16 --float_support=vfplib -me --include_path="D:/GIT/01_WPGS/02_FW/01_WSM/13_EasyLinkWLGM/rfWsnConcentrator_CC1310_LAUNCHXL_tirtos_ccs" --include_path="C:/ti/simplelink_cc13x0_sdk_1_60_00_21/source/ti/posix/ccs" --include_path="C:/ti/ccsv7/tools/compiler/ti-cgt-arm_16.9.7.LTS/include" --define=BOARD_DISPLAY_USE_LCD=1 --define=DeviceFamily_CC13X0 --define=CCFG_FORCE_VDDR_HH=0 -g --diag_warning=225 --diag_warning=255 --diag_wrap=off --display_error_number --gen_func_subsections=on --preproc_with_compile --preproc_dependency="CC1310_LAUNCHXL.d_raw" --cmd_file="D:/GIT/01_WPGS/02_FW/01_WSM/13_EasyLinkWLGM/tirtos_builds_CC1310_LAUNCHXL_release_ccs/Debug/configPkg/compiler.opt" "../CC1310_LAUNCHXL.c"
'Finished building: "../CC1310_LAUNCHXL.c"'
 
'Building file: "../ConcentratorRadioTask.c"'
'Invoking: ARM Compiler'
"C:/ti/ccsv7/tools/compiler/ti-cgt-arm_16.9.7.LTS/bin/armcl" -mv7M3 --code_state=16 --float_support=vfplib -me --include_path="D:/GIT/01_WPGS/02_FW/01_WSM/13_EasyLinkWLGM/rfWsnConcentrator_CC1310_LAUNCHXL_tirtos_ccs" --include_path="C:/ti/simplelink_cc13x0_sdk_1_60_00_21/source/ti/posix/ccs" --include_path="C:/ti/ccsv7/tools/compiler/ti-cgt-arm_16.9.7.LTS/include" --define=BOARD_DISPLAY_USE_LCD=1 --define=DeviceFamily_CC13X0 --define=CCFG_FORCE_VDDR_HH=0 -g --diag_warning=225 --diag_warning=255 --diag_wrap=off --display_error_number --gen_func_subsections=on --preproc_with_compile --preproc_dependency="ConcentratorRadioTask.d_raw" --cmd_file="D:/GIT/01_WPGS/02_FW/01_WSM/13_EasyLinkWLGM/tirtos_builds_CC1310_LAUNCHXL_release_ccs/Debug/configPkg/compiler.opt" "../ConcentratorRadioTask.c"
'Finished building: "../ConcentratorRadioTask.c"'
 
'Building file: "../ConcentratorTask.c"'
'Invoking: ARM Compiler'
"C:/ti/ccsv7/tools/compiler/ti-cgt-arm_16.9.7.LTS/bin/armcl" -mv7M3 --code_state=16 --float_support=vfplib -me --include_path="D:/GIT/01_WPGS/02_FW/01_WSM/13_EasyLinkWLGM/rfWsnConcentrator_CC1310_LAUNCHXL_tirtos_ccs" --include_path="C:/ti/simplelink_cc13x0_sdk_1_60_00_21/source/ti/posix/ccs" --include_path="C:/ti/ccsv7/tools/compiler/ti-cgt-arm_16.9.7.LTS/include" --define=BOARD_DISPLAY_USE_LCD=1 --define=DeviceFamily_CC13X0 --define=CCFG_FORCE_VDDR_HH=0 -g --diag_warning=225 --diag_warning=255 --diag_wrap=off --display_error_number --gen_func_subsections=on --preproc_with_compile --preproc_dependency="ConcentratorTask.d_raw" --cmd_file="D:/GIT/01_WPGS/02_FW/01_WSM/13_EasyLinkWLGM/tirtos_builds_CC1310_LAUNCHXL_release_ccs/Debug/configPkg/compiler.opt" "../ConcentratorTask.c"
'Finished building: "../ConcentratorTask.c"'
 
'Building file: "../rfWsnConcentrator.c"'
'Invoking: ARM Compiler'
"C:/ti/ccsv7/tools/compiler/ti-cgt-arm_16.9.7.LTS/bin/armcl" -mv7M3 --code_state=16 --float_support=vfplib -me --include_path="D:/GIT/01_WPGS/02_FW/01_WSM/13_EasyLinkWLGM/rfWsnConcentrator_CC1310_LAUNCHXL_tirtos_ccs" --include_path="C:/ti/simplelink_cc13x0_sdk_1_60_00_21/source/ti/posix/ccs" --include_path="C:/ti/ccsv7/tools/compiler/ti-cgt-arm_16.9.7.LTS/include" --define=BOARD_DISPLAY_USE_LCD=1 --define=DeviceFamily_CC13X0 --define=CCFG_FORCE_VDDR_HH=0 -g --diag_warning=225 --diag_warning=255 --diag_wrap=off --display_error_number --gen_func_subsections=on --preproc_with_compile --preproc_dependency="rfWsnConcentrator.d_raw" --cmd_file="D:/GIT/01_WPGS/02_FW/01_WSM/13_EasyLinkWLGM/tirtos_builds_CC1310_LAUNCHXL_release_ccs/Debug/configPkg/compiler.opt" "../rfWsnConcentrator.c"
'Finished building: "../rfWsnConcentrator.c"'
 
'Building file: "../smartrf_settings/smartrf_settings.c"'
'Invoking: ARM Compiler'
"C:/ti/ccsv7/tools/compiler/ti-cgt-arm_16.9.7.LTS/bin/armcl" -mv7M3 --code_state=16 --float_support=vfplib -me --include_path="D:/GIT/01_WPGS/02_FW/01_WSM/13_EasyLinkWLGM/rfWsnConcentrator_CC1310_LAUNCHXL_tirtos_ccs" --include_path="C:/ti/simplelink_cc13x0_sdk_1_60_00_21/source/ti/posix/ccs" --include_path="C:/ti/ccsv7/tools/compiler/ti-cgt-arm_16.9.7.LTS/include" --define=BOARD_DISPLAY_USE_LCD=1 --define=DeviceFamily_CC13X0 --define=CCFG_FORCE_VDDR_HH=0 -g --diag_warning=225 --diag_warning=255 --diag_wrap=off --display_error_number --gen_func_subsections=on --preproc_with_compile --preproc_dependency="smartrf_settings/smartrf_settings.d_raw" --obj_directory="smartrf_settings" --cmd_file="D:/GIT/01_WPGS/02_FW/01_WSM/13_EasyLinkWLGM/tirtos_builds_CC1310_LAUNCHXL_release_ccs/Debug/configPkg/compiler.opt" "../smartrf_settings/smartrf_settings.c"
'Finished building: "../smartrf_settings/smartrf_settings.c"'
 
'Building file: "../easylink/EasyLink.c"'
'Invoking: ARM Compiler'
"C:/ti/ccsv7/tools/compiler/ti-cgt-arm_16.9.7.LTS/bin/armcl" -mv7M3 --code_state=16 --float_support=vfplib -me --include_path="D:/GIT/01_WPGS/02_FW/01_WSM/13_EasyLinkWLGM/rfWsnConcentrator_CC1310_LAUNCHXL_tirtos_ccs" --include_path="C:/ti/simplelink_cc13x0_sdk_1_60_00_21/source/ti/posix/ccs" --include_path="C:/ti/ccsv7/tools/compiler/ti-cgt-arm_16.9.7.LTS/include" --define=BOARD_DISPLAY_USE_LCD=1 --define=DeviceFamily_CC13X0 --define=CCFG_FORCE_VDDR_HH=0 -g --diag_warning=225 --diag_warning=255 --diag_wrap=off --display_error_number --gen_func_subsections=on --preproc_with_compile --preproc_dependency="easylink/EasyLink.d_raw" --obj_directory="easylink" --cmd_file="D:/GIT/01_WPGS/02_FW/01_WSM/13_EasyLinkWLGM/tirtos_builds_CC1310_LAUNCHXL_release_ccs/Debug/configPkg/compiler.opt" "../easylink/EasyLink.c"
'Finished building: "../easylink/EasyLink.c"'
 
'Building file: "../smartrf_settings/smartrf_settings_predefined.c"'
'Invoking: ARM Compiler'
"C:/ti/ccsv7/tools/compiler/ti-cgt-arm_16.9.7.LTS/bin/armcl" -mv7M3 --code_state=16 --float_support=vfplib -me --include_path="D:/GIT/01_WPGS/02_FW/01_WSM/13_EasyLinkWLGM/rfWsnConcentrator_CC1310_LAUNCHXL_tirtos_ccs" --include_path="C:/ti/simplelink_cc13x0_sdk_1_60_00_21/source/ti/posix/ccs" --include_path="C:/ti/ccsv7/tools/compiler/ti-cgt-arm_16.9.7.LTS/include" --define=BOARD_DISPLAY_USE_LCD=1 --define=DeviceFamily_CC13X0 --define=CCFG_FORCE_VDDR_HH=0 -g --diag_warning=225 --diag_warning=255 --diag_wrap=off --display_error_number --gen_func_subsections=on --preproc_with_compile --preproc_dependency="smartrf_settings/smartrf_settings_predefined.d_raw" --obj_directory="smartrf_settings" --cmd_file="D:/GIT/01_WPGS/02_FW/01_WSM/13_EasyLinkWLGM/tirtos_builds_CC1310_LAUNCHXL_release_ccs/Debug/configPkg/compiler.opt" "../smartrf_settings/smartrf_settings_predefined.c"
'Finished building: "../smartrf_settings/smartrf_settings_predefined.c"'
 
'Building target: "rfWsnConcentrator_CC1310_LAUNCHXL_tirtos_ccs.out"'
'Invoking: ARM Linker'
"C:/ti/ccsv7/tools/compiler/ti-cgt-arm_16.9.7.LTS/bin/armcl" -mv7M3 --code_state=16 --float_support=vfplib -me --define=BOARD_DISPLAY_USE_LCD=1 --define=DeviceFamily_CC13X0 --define=CCFG_FORCE_VDDR_HH=0 -g --diag_warning=225 --diag_warning=255 --diag_wrap=off --display_error_number --gen_func_subsections=on -z -m"rfWsnConcentrator_CC1310_LAUNCHXL_tirtos_ccs.map" -i"C:/ti/ccsv7/tools/compiler/ti-cgt-arm_16.9.7.LTS/lib" -i"C:/ti/ccsv7/tools/compiler/ti-cgt-arm_16.9.7.LTS/include" --reread_libs --diag_wrap=off --display_error_number --warn_sections --xml_link_info="rfWsnConcentrator_CC1310_LAUNCHXL_tirtos_ccs_linkInfo.xml" --rom_model -o "rfWsnConcentrator_CC1310_LAUNCHXL_tirtos_ccs.out" "./CC1310_LAUNCHXL.obj" "./ConcentratorRadioTask.obj" "./ConcentratorTask.obj" "./ccfg.obj" "./rfWsnConcentrator.obj" "./easylink/EasyLink.obj" "./smartrf_settings/smartrf_settings.obj" "./smartrf_settings/smartrf_settings_predefined.obj" "../CC1310_LAUNCHXL_TIRTOS.cmd" -l"D:/GIT/01_WPGS/02_FW/01_WSM/13_EasyLinkWLGM/tirtos_builds_CC1310_LAUNCHXL_release_ccs/Debug/configPkg/linker.cmd" -l"C:/ti/simplelink_cc13x0_sdk_1_60_00_21/source/ti/display/lib/display.aem3" -l"C:/ti/simplelink_cc13x0_sdk_1_60_00_21/source/ti/mw/lcd/lib/lcd.aem3" -l"C:/ti/simplelink_cc13x0_sdk_1_60_00_21/source/ti/grlib/lib/grlib.aem3" -l"C:/ti/simplelink_cc13x0_sdk_1_60_00_21/source/ti/drivers/rf/lib/rf_multiMode_cc13x0.aem3" -l"C:/ti/simplelink_cc13x0_sdk_1_60_00_21/source/ti/drivers/lib/drivers_cc13x0.aem3" -l"C:/ti/simplelink_cc13x0_sdk_1_60_00_21/source/ti/drivers/pdm/lib/pdm_cc13x0.aem3" -l"C:/ti/simplelink_cc13x0_sdk_1_60_00_21/kernel/tirtos/packages/ti/dpl/lib/dpl_cc13x0.aem3" -l"C:/ti/simplelink_cc13x0_sdk_1_60_00_21/source/ti/devices/cc13x0/driverlib/bin/ccs/driverlib.lib" -llibc.a 
<Linking>
'Finished building target: "rfWsnConcentrator_CC1310_LAUNCHXL_tirtos_ccs.out"'
 

**** Build Finished ****

**** Build of configuration Debug for project tirtos_builds_CC1310_LAUNCHXL_release_ccs ****

"C:\\ti\\ccsv7\\utils\\bin\\gmake" -k -j 4 all -O 
 
making ../src/sysbios/rom_sysbios.aem3 ...
gmake[1]: Nothing to be done for 'all'.
gmake[1]: Nothing to be done for 'configPkg/linker.cmd'.
making ../src/sysbios/rom_sysbios.aem3 ...
gmake[2]: Nothing to be done for 'all'.

**** Build Finished ****

**** Build of configuration Debug for project tirtos_builds_CC1310_LAUNCHXL_release_ccs ****

"C:\\ti\\ccsv7\\utils\\bin\\gmake" -k -j 4 all -O 
 
making ../src/sysbios/rom_sysbios.aem3 ...
gmake[1]: Nothing to be done for 'all'.
gmake[1]: Nothing to be done for 'configPkg/linker.cmd'.
making ../src/sysbios/rom_sysbios.aem3 ...
gmake[2]: Nothing to be done for 'all'.

**** Build Finished ****

**** Build of configuration Debug for project rfWsnConcentrator_CC1310_LAUNCHXL_tirtos_ccs ****

"C:\\ti\\ccsv7\\utils\\bin\\gmake" -k -j 4 all -O 
 
gmake[1]: 'rfWsnConcentrator_CC1310_LAUNCHXL_tirtos_ccs.out' is up to date.

**** Build Finished ****

**** Build of configuration Debug for project tirtos_builds_CC1310_LAUNCHXL_release_ccs ****

"C:\\ti\\ccsv7\\utils\\bin\\gmake" -k -j 4 all -O 
 
making ../src/sysbios/rom_sysbios.aem3 ...
gmake[1]: Nothing to be done for 'all'.
gmake[1]: Nothing to be done for 'configPkg/linker.cmd'.
making ../src/sysbios/rom_sysbios.aem3 ...
gmake[2]: Nothing to be done for 'all'.

**** Build Finished ****

**** Build of configuration Debug for project rfWsnConcentrator_CC1310_LAUNCHXL_tirtos_ccs ****

"C:\\ti\\ccsv7\\utils\\bin\\gmake" -k -j 4 all -O 
 
'Building file: "../rfWsnConcentrator.c"'
'Invoking: ARM Compiler'
"C:/ti/ccsv7/tools/compiler/ti-cgt-arm_16.9.7.LTS/bin/armcl" -mv7M3 --code_state=16 --float_support=vfplib -me --include_path="D:/GIT/01_WPGS/02_FW/01_WSM/13_EasyLinkWLGM/rfWsnConcentrator_CC1310_LAUNCHXL_tirtos_ccs" --include_path="C:/ti/simplelink_cc13x0_sdk_1_60_00_21/source/ti/posix/ccs" --include_path="C:/ti/ccsv7/tools/compiler/ti-cgt-arm_16.9.7.LTS/include" --define=BOARD_DISPLAY_USE_LCD=1 --define=DeviceFamily_CC13X0 --define=CCFG_FORCE_VDDR_HH=0 -g --diag_warning=225 --diag_warning=255 --diag_wrap=off --display_error_number --gen_func_subsections=on --preproc_with_compile --preproc_dependency="rfWsnConcentrator.d_raw" --cmd_file="D:/GIT/01_WPGS/02_FW/01_WSM/13_EasyLinkWLGM/tirtos_builds_CC1310_LAUNCHXL_release_ccs/Debug/configPkg/compiler.opt" "../rfWsnConcentrator.c"
'Finished building: "../rfWsnConcentrator.c"'
 
'Building file: "../ConcentratorRadioTask.c"'
'Invoking: ARM Compiler'
"C:/ti/ccsv7/tools/compiler/ti-cgt-arm_16.9.7.LTS/bin/armcl" -mv7M3 --code_state=16 --float_support=vfplib -me --include_path="D:/GIT/01_WPGS/02_FW/01_WSM/13_EasyLinkWLGM/rfWsnConcentrator_CC1310_LAUNCHXL_tirtos_ccs" --include_path="C:/ti/simplelink_cc13x0_sdk_1_60_00_21/source/ti/posix/ccs" --include_path="C:/ti/ccsv7/tools/compiler/ti-cgt-arm_16.9.7.LTS/include" --define=BOARD_DISPLAY_USE_LCD=1 --define=DeviceFamily_CC13X0 --define=CCFG_FORCE_VDDR_HH=0 -g --diag_warning=225 --diag_warning=255 --diag_wrap=off --display_error_number --gen_func_subsections=on --preproc_with_compile --preproc_dependency="ConcentratorRadioTask.d_raw" --cmd_file="D:/GIT/01_WPGS/02_FW/01_WSM/13_EasyLinkWLGM/tirtos_builds_CC1310_LAUNCHXL_release_ccs/Debug/configPkg/compiler.opt" "../ConcentratorRadioTask.c"
'Finished building: "../ConcentratorRadioTask.c"'
 
'Building file: "../ConcentratorTask.c"'
'Invoking: ARM Compiler'
"C:/ti/ccsv7/tools/compiler/ti-cgt-arm_16.9.7.LTS/bin/armcl" -mv7M3 --code_state=16 --float_support=vfplib -me --include_path="D:/GIT/01_WPGS/02_FW/01_WSM/13_EasyLinkWLGM/rfWsnConcentrator_CC1310_LAUNCHXL_tirtos_ccs" --include_path="C:/ti/simplelink_cc13x0_sdk_1_60_00_21/source/ti/posix/ccs" --include_path="C:/ti/ccsv7/tools/compiler/ti-cgt-arm_16.9.7.LTS/include" --define=BOARD_DISPLAY_USE_LCD=1 --define=DeviceFamily_CC13X0 --define=CCFG_FORCE_VDDR_HH=0 -g --diag_warning=225 --diag_warning=255 --diag_wrap=off --display_error_number --gen_func_subsections=on --preproc_with_compile --preproc_dependency="ConcentratorTask.d_raw" --cmd_file="D:/GIT/01_WPGS/02_FW/01_WSM/13_EasyLinkWLGM/tirtos_builds_CC1310_LAUNCHXL_release_ccs/Debug/configPkg/compiler.opt" "../ConcentratorTask.c"
'Finished building: "../ConcentratorTask.c"'
 
'Building target: "rfWsnConcentrator_CC1310_LAUNCHXL_tirtos_ccs.out"'
'Invoking: ARM Linker'
"C:/ti/ccsv7/tools/compiler/ti-cgt-arm_16.9.7.LTS/bin/armcl" -mv7M3 --code_state=16 --float_support=vfplib -me --define=BOARD_DISPLAY_USE_LCD=1 --define=DeviceFamily_CC13X0 --define=CCFG_FORCE_VDDR_HH=0 -g --diag_warning=225 --diag_warning=255 --diag_wrap=off --display_error_number --gen_func_subsections=on -z -m"rfWsnConcentrator_CC1310_LAUNCHXL_tirtos_ccs.map" -i"C:/ti/ccsv7/tools/compiler/ti-cgt-arm_16.9.7.LTS/lib" -i"C:/ti/ccsv7/tools/compiler/ti-cgt-arm_16.9.7.LTS/include" --reread_libs --diag_wrap=off --display_error_number --warn_sections --xml_link_info="rfWsnConcentrator_CC1310_LAUNCHXL_tirtos_ccs_linkInfo.xml" --rom_model -o "rfWsnConcentrator_CC1310_LAUNCHXL_tirtos_ccs.out" "./CC1310_LAUNCHXL.obj" "./ConcentratorRadioTask.obj" "./ConcentratorTask.obj" "./ccfg.obj" "./rfWsnConcentrator.obj" "./easylink/EasyLink.obj" "./smartrf_settings/smartrf_settings.obj" "./smartrf_settings/smartrf_settings_predefined.obj" "../CC1310_LAUNCHXL_TIRTOS.cmd" -l"D:/GIT/01_WPGS/02_FW/01_WSM/13_EasyLinkWLGM/tirtos_builds_CC1310_LAUNCHXL_release_ccs/Debug/configPkg/linker.cmd" -l"C:/ti/simplelink_cc13x0_sdk_1_60_00_21/source/ti/display/lib/display.aem3" -l"C:/ti/simplelink_cc13x0_sdk_1_60_00_21/source/ti/mw/lcd/lib/lcd.aem3" -l"C:/ti/simplelink_cc13x0_sdk_1_60_00_21/source/ti/grlib/lib/grlib.aem3" -l"C:/ti/simplelink_cc13x0_sdk_1_60_00_21/source/ti/drivers/rf/lib/rf_multiMode_cc13x0.aem3" -l"C:/ti/simplelink_cc13x0_sdk_1_60_00_21/source/ti/drivers/lib/drivers_cc13x0.aem3" -l"C:/ti/simplelink_cc13x0_sdk_1_60_00_21/source/ti/drivers/pdm/lib/pdm_cc13x0.aem3" -l"C:/ti/simplelink_cc13x0_sdk_1_60_00_21/kernel/tirtos/packages/ti/dpl/lib/dpl_cc13x0.aem3" -l"C:/ti/simplelink_cc13x0_sdk_1_60_00_21/source/ti/devices/cc13x0/driverlib/bin/ccs/driverlib.lib" -llibc.a 
<Linking>
'Finished building target: "rfWsnConcentrator_CC1310_LAUNCHXL_tirtos_ccs.out"'
 

**** Build Finished ****

**** Build of configuration Debug for project tirtos_builds_CC1310_LAUNCHXL_release_ccs ****

"C:\\ti\\ccsv7\\utils\\bin\\gmake" -k -j 4 all -O 
 
making ../src/sysbios/rom_sysbios.aem3 ...
gmake[1]: Nothing to be done for 'all'.
gmake[1]: Nothing to be done for 'configPkg/linker.cmd'.
making ../src/sysbios/rom_sysbios.aem3 ...
gmake[2]: Nothing to be done for 'all'.

**** Build Finished ****

**** Build of configuration Debug for project rfWsnConcentrator_CC1310_LAUNCHXL_tirtos_ccs ****

"C:\\ti\\ccsv7\\utils\\bin\\gmake" -k -j 4 all -O 
 
'Building file: "../rfWsnConcentrator.c"'
'Invoking: ARM Compiler'
"C:/ti/ccsv7/tools/compiler/ti-cgt-arm_16.9.7.LTS/bin/armcl" -mv7M3 --code_state=16 --float_support=vfplib -me --include_path="D:/GIT/01_WPGS/02_FW/01_WSM/13_EasyLinkWLGM/rfWsnConcentrator_CC1310_LAUNCHXL_tirtos_ccs" --include_path="C:/ti/simplelink_cc13x0_sdk_1_60_00_21/source/ti/posix/ccs" --include_path="C:/ti/ccsv7/tools/compiler/ti-cgt-arm_16.9.7.LTS/include" --define=BOARD_DISPLAY_USE_LCD=1 --define=DeviceFamily_CC13X0 --define=CCFG_FORCE_VDDR_HH=0 -g --diag_warning=225 --diag_warning=255 --diag_wrap=off --display_error_number --gen_func_subsections=on --preproc_with_compile --preproc_dependency="rfWsnConcentrator.d_raw" --cmd_file="D:/GIT/01_WPGS/02_FW/01_WSM/13_EasyLinkWLGM/tirtos_builds_CC1310_LAUNCHXL_release_ccs/Debug/configPkg/compiler.opt" "../rfWsnConcentrator.c"
'Finished building: "../rfWsnConcentrator.c"'
 
'Building file: "../ConcentratorRadioTask.c"'
'Invoking: ARM Compiler'
"C:/ti/ccsv7/tools/compiler/ti-cgt-arm_16.9.7.LTS/bin/armcl" -mv7M3 --code_state=16 --float_support=vfplib -me --include_path="D:/GIT/01_WPGS/02_FW/01_WSM/13_EasyLinkWLGM/rfWsnConcentrator_CC1310_LAUNCHXL_tirtos_ccs" --include_path="C:/ti/simplelink_cc13x0_sdk_1_60_00_21/source/ti/posix/ccs" --include_path="C:/ti/ccsv7/tools/compiler/ti-cgt-arm_16.9.7.LTS/include" --define=BOARD_DISPLAY_USE_LCD=1 --define=DeviceFamily_CC13X0 --define=CCFG_FORCE_VDDR_HH=0 -g --diag_warning=225 --diag_warning=255 --diag_wrap=off --display_error_number --gen_func_subsections=on --preproc_with_compile --preproc_dependency="ConcentratorRadioTask.d_raw" --cmd_file="D:/GIT/01_WPGS/02_FW/01_WSM/13_EasyLinkWLGM/tirtos_builds_CC1310_LAUNCHXL_release_ccs/Debug/configPkg/compiler.opt" "../ConcentratorRadioTask.c"
'Finished building: "../ConcentratorRadioTask.c"'
 
'Building file: "../ConcentratorTask.c"'
'Invoking: ARM Compiler'
"C:/ti/ccsv7/tools/compiler/ti-cgt-arm_16.9.7.LTS/bin/armcl" -mv7M3 --code_state=16 --float_support=vfplib -me --include_path="D:/GIT/01_WPGS/02_FW/01_WSM/13_EasyLinkWLGM/rfWsnConcentrator_CC1310_LAUNCHXL_tirtos_ccs" --include_path="C:/ti/simplelink_cc13x0_sdk_1_60_00_21/source/ti/posix/ccs" --include_path="C:/ti/ccsv7/tools/compiler/ti-cgt-arm_16.9.7.LTS/include" --define=BOARD_DISPLAY_USE_LCD=1 --define=DeviceFamily_CC13X0 --define=CCFG_FORCE_VDDR_HH=0 -g --diag_warning=225 --diag_warning=255 --diag_wrap=off --display_error_number --gen_func_subsections=on --preproc_with_compile --preproc_dependency="ConcentratorTask.d_raw" --cmd_file="D:/GIT/01_WPGS/02_FW/01_WSM/13_EasyLinkWLGM/tirtos_builds_CC1310_LAUNCHXL_release_ccs/Debug/configPkg/compiler.opt" "../ConcentratorTask.c"
'Finished building: "../ConcentratorTask.c"'
 
'Building target: "rfWsnConcentrator_CC1310_LAUNCHXL_tirtos_ccs.out"'
'Invoking: ARM Linker'
"C:/ti/ccsv7/tools/compiler/ti-cgt-arm_16.9.7.LTS/bin/armcl" -mv7M3 --code_state=16 --float_support=vfplib -me --define=BOARD_DISPLAY_USE_LCD=1 --define=DeviceFamily_CC13X0 --define=CCFG_FORCE_VDDR_HH=0 -g --diag_warning=225 --diag_warning=255 --diag_wrap=off --display_error_number --gen_func_subsections=on -z -m"rfWsnConcentrator_CC1310_LAUNCHXL_tirtos_ccs.map" -i"C:/ti/ccsv7/tools/compiler/ti-cgt-arm_16.9.7.LTS/lib" -i"C:/ti/ccsv7/tools/compiler/ti-cgt-arm_16.9.7.LTS/include" --reread_libs --diag_wrap=off --display_error_number --warn_sections --xml_link_info="rfWsnConcentrator_CC1310_LAUNCHXL_tirtos_ccs_linkInfo.xml" --rom_model -o "rfWsnConcentrator_CC1310_LAUNCHXL_tirtos_ccs.out" "./CC1310_LAUNCHXL.obj" "./ConcentratorRadioTask.obj" "./ConcentratorTask.obj" "./ccfg.obj" "./rfWsnConcentrator.obj" "./easylink/EasyLink.obj" "./smartrf_settings/smartrf_settings.obj" "./smartrf_settings/smartrf_settings_predefined.obj" "../CC1310_LAUNCHXL_TIRTOS.cmd" -l"D:/GIT/01_WPGS/02_FW/01_WSM/13_EasyLinkWLGM/tirtos_builds_CC1310_LAUNCHXL_release_ccs/Debug/configPkg/linker.cmd" -l"C:/ti/simplelink_cc13x0_sdk_1_60_00_21/source/ti/display/lib/display.aem3" -l"C:/ti/simplelink_cc13x0_sdk_1_60_00_21/source/ti/mw/lcd/lib/lcd.aem3" -l"C:/ti/simplelink_cc13x0_sdk_1_60_00_21/source/ti/grlib/lib/grlib.aem3" -l"C:/ti/simplelink_cc13x0_sdk_1_60_00_21/source/ti/drivers/rf/lib/rf_multiMode_cc13x0.aem3" -l"C:/ti/simplelink_cc13x0_sdk_1_60_00_21/source/ti/drivers/lib/drivers_cc13x0.aem3" -l"C:/ti/simplelink_cc13x0_sdk_1_60_00_21/source/ti/drivers/pdm/lib/pdm_cc13x0.aem3" -l"C:/ti/simplelink_cc13x0_sdk_1_60_00_21/kernel/tirtos/packages/ti/dpl/lib/dpl_cc13x0.aem3" -l"C:/ti/simplelink_cc13x0_sdk_1_60_00_21/source/ti/devices/cc13x0/driverlib/bin/ccs/driverlib.lib" -llibc.a 
<Linking>
'Finished building target: "rfWsnConcentrator_CC1310_LAUNCHXL_tirtos_ccs.out"'
 

**** Build Finished ****

**** Build of configuration Debug for project tirtos_builds_CC1310_LAUNCHXL_release_ccs ****

"C:\\ti\\ccsv7\\utils\\bin\\gmake" -k -j 4 all -O 
 
making ../src/sysbios/rom_sysbios.aem3 ...
gmake[1]: Nothing to be done for 'all'.
gmake[1]: Nothing to be done for 'configPkg/linker.cmd'.
making ../src/sysbios/rom_sysbios.aem3 ...
gmake[2]: Nothing to be done for 'all'.

**** Build Finished ****

**** Build of configuration Debug for project tirtos_builds_CC1310_LAUNCHXL_release_ccs ****

"C:\\ti\\ccsv7\\utils\\bin\\gmake" -k -j 4 all -O 
 
making ../src/sysbios/rom_sysbios.aem3 ...
gmake[1]: Nothing to be done for 'all'.
gmake[1]: Nothing to be done for 'configPkg/linker.cmd'.
making ../src/sysbios/rom_sysbios.aem3 ...
gmake[2]: Nothing to be done for 'all'.

**** Build Finished ****

**** Build of configuration Debug for project rfWsnConcentrator_CC1310_LAUNCHXL_tirtos_ccs ****

"C:\\ti\\ccsv7\\utils\\bin\\gmake" -k -j 4 all -O 
 
gmake[1]: 'rfWsnConcentrator_CC1310_LAUNCHXL_tirtos_ccs.out' is up to date.

**** Build Finished ****

**** Build of configuration Debug for project tirtos_builds_CC1310_LAUNCHXL_release_ccs ****

"C:\\ti\\ccsv7\\utils\\bin\\gmake" -k -j 4 all -O 
 
making ../src/sysbios/rom_sysbios.aem3 ...
gmake[1]: Nothing to be done for 'all'.
gmake[1]: Nothing to be done for 'configPkg/linker.cmd'.
making ../src/sysbios/rom_sysbios.aem3 ...
gmake[2]: Nothing to be done for 'all'.

**** Build Finished ****

**** Build of configuration Debug for project tirtos_builds_CC1310_LAUNCHXL_release_ccs ****

"C:\\ti\\ccsv7\\utils\\bin\\gmake" -k -j 4 all -O 
 
making ../src/sysbios/rom_sysbios.aem3 ...
gmake[1]: Nothing to be done for 'all'.
gmake[1]: Nothing to be done for 'configPkg/linker.cmd'.
making ../src/sysbios/rom_sysbios.aem3 ...
gmake[2]: Nothing to be done for 'all'.

**** Build Finished ****

**** Build of configuration Debug for project rfWsnConcentrator_CC1310_LAUNCHXL_tirtos_ccs ****

"C:\\ti\\ccsv7\\utils\\bin\\gmake" -k -j 4 all -O 
 
gmake[1]: 'rfWsnConcentrator_CC1310_LAUNCHXL_tirtos_ccs.out' is up to date.

**** Build Finished ****

**** Build of configuration Debug for project tirtos_builds_CC1310_LAUNCHXL_release_ccs ****

"C:\\ti\\ccsv7\\utils\\bin\\gmake" -k -j 4 all -O 
 
making ../src/sysbios/rom_sysbios.aem3 ...
gmake[1]: Nothing to be done for 'all'.
gmake[1]: Nothing to be done for 'configPkg/linker.cmd'.
making ../src/sysbios/rom_sysbios.aem3 ...
gmake[2]: Nothing to be done for 'all'.

**** Build Finished ****

**** Build of configuration Debug for project tirtos_builds_CC1310_LAUNCHXL_release_ccs ****

"C:\\ti\\ccsv7\\utils\\bin\\gmake" -k -j 4 all -O 
 
making ../src/sysbios/rom_sysbios.aem3 ...
gmake[1]: Nothing to be done for 'all'.
gmake[1]: Nothing to be done for 'configPkg/linker.cmd'.
making ../src/sysbios/rom_sysbios.aem3 ...
gmake[2]: Nothing to be done for 'all'.

**** Build Finished ****

**** Build of configuration Debug for project rfWsnConcentrator_CC1310_LAUNCHXL_tirtos_ccs ****

"C:\\ti\\ccsv7\\utils\\bin\\gmake" -k -j 4 all -O 
 
gmake[1]: 'rfWsnConcentrator_CC1310_LAUNCHXL_tirtos_ccs.out' is up to date.

**** Build Finished ****

**** Build of configuration Debug for project tirtos_builds_CC1310_LAUNCHXL_release_ccs ****

"C:\\ti\\ccsv7\\utils\\bin\\gmake" -k -j 4 all -O 
 
making ../src/sysbios/rom_sysbios.aem3 ...
gmake[1]: Nothing to be done for 'all'.
gmake[1]: Nothing to be done for 'configPkg/linker.cmd'.
making ../src/sysbios/rom_sysbios.aem3 ...
gmake[2]: Nothing to be done for 'all'.

**** Build Finished ****

**** Build of configuration Debug for project tirtos_builds_CC1310_LAUNCHXL_release_ccs ****

"C:\\ti\\ccsv7\\utils\\bin\\gmake" -k -j 4 all -O 
 
making ../src/sysbios/rom_sysbios.aem3 ...
gmake[1]: Nothing to be done for 'all'.
gmake[1]: Nothing to be done for 'configPkg/linker.cmd'.
making ../src/sysbios/rom_sysbios.aem3 ...
gmake[2]: Nothing to be done for 'all'.

**** Build Finished ****

**** Build of configuration Debug for project rfWsnConcentrator_CC1310_LAUNCHXL_tirtos_ccs ****

"C:\\ti\\ccsv7\\utils\\bin\\gmake" -k -j 4 all -O 
 
gmake[1]: 'rfWsnConcentrator_CC1310_LAUNCHXL_tirtos_ccs.out' is up to date.

**** Build Finished ****

**** Build of configuration Debug for project tirtos_builds_CC1310_LAUNCHXL_release_ccs ****

"C:\\ti\\ccsv7\\utils\\bin\\gmake" -k -j 4 all -O 
 
making ../src/sysbios/rom_sysbios.aem3 ...
gmake[1]: Nothing to be done for 'all'.
gmake[1]: Nothing to be done for 'configPkg/linker.cmd'.
making ../src/sysbios/rom_sysbios.aem3 ...
gmake[2]: Nothing to be done for 'all'.

**** Build Finished ****

**** Build of configuration Debug for project tirtos_builds_CC1310_LAUNCHXL_release_ccs ****

"C:\\ti\\ccsv7\\utils\\bin\\gmake" -k -j 4 all -O 
 
making ../src/sysbios/rom_sysbios.aem3 ...
gmake[1]: Nothing to be done for 'all'.
gmake[1]: Nothing to be done for 'configPkg/linker.cmd'.
making ../src/sysbios/rom_sysbios.aem3 ...
gmake[2]: Nothing to be done for 'all'.

**** Build Finished ****

**** Build of configuration Debug for project rfWsnConcentrator_CC1310_LAUNCHXL_tirtos_ccs ****

"C:\\ti\\ccsv7\\utils\\bin\\gmake" -k -j 4 all -O 
 
gmake[1]: 'rfWsnConcentrator_CC1310_LAUNCHXL_tirtos_ccs.out' is up to date.

**** Build Finished ****
Buildfile generation error occurred..
Product 'com.ti.SIMPLELINK_CC13X0_SDK' v1.60.0.21 is not currently installed and no compatible version is available. Please install this product or a compatible version.
Build stopped..
Buildfile generation error occurred..
Product 'com.ti.SIMPLELINK_CC13X0_SDK' v1.60.0.21 is not currently installed and no compatible version is available. Please install this product or a compatible version.
Build stopped..

**** Clean-only build of configuration Debug for project tirtos_builds_CC1310_LAUNCHXL_release_ccs ****

"C:\\ti\\ccsv7\\utils\\bin\\gmake" -k -j 8 clean -O 
 
cleaning ../src/sysbios ...
DEL /F  "tirtos_builds_CC1310_LAUNCHXL_release_ccs.lib"  "../src/makefile.libs" "configPkg\linker.cmd" "configPkg\compiler.opt" 
RMDIR /S/Q  "configPkg\" 
E:\GUI\01_WPGS\02_FW\01_WSM\13_EasyLinkWLGM\tirtos_builds_CC1310_LAUNCHXL_release_ccs\Debug\tirtos_builds_CC1310_LAUNCHXL_release_ccs.lib을(를) 찾을 수 없습니다.
E:\GUI\01_WPGS\02_FW\01_WSM\13_EasyLinkWLGM\tirtos_builds_CC1310_LAUNCHXL_release_ccs\src\../src/makefile.libs을(를) 찾을 수 없습니다.
'Finished clean'
 

**** Build Finished ****

**** Clean-only build of configuration Debug for project rfWsnConcentrator_CC1310_LAUNCHXL_tirtos_ccs ****

"C:\\ti\\ccsv7\\utils\\bin\\gmake" -k -j 8 clean -O 
 
DEL /F  "rfWsnConcentrator_CC1310_LAUNCHXL_tirtos_ccs.hex"  "rfWsnConcentrator_CC1310_LAUNCHXL_tirtos_ccs.out" 
DEL /F "CC1310_LAUNCHXL.obj" "ConcentratorRadioTask.obj" "ConcentratorTask.obj" "ccfg.obj" "rfWsnConcentrator.obj" "easylink\EasyLink.obj" "smartrf_settings\smartrf_settings.obj" "smartrf_settings\smartrf_settings_predefined.obj" 
DEL /F "CC1310_LAUNCHXL.d" "ConcentratorRadioTask.d" "ConcentratorTask.d" "ccfg.d" "rfWsnConcentrator.d" "easylink\EasyLink.d" "smartrf_settings\smartrf_settings.d" "smartrf_settings\smartrf_settings_predefined.d" 
E:\GUI\01_WPGS\02_FW\01_WSM\13_EasyLinkWLGM\rfWsnConcentrator_CC1310_LAUNCHXL_tirtos_ccs\Debug\rfWsnConcentrator_CC1310_LAUNCHXL_tirtos_ccs.hex을(를) 찾을 수 없습니다.
E:\GUI\01_WPGS\02_FW\01_WSM\13_EasyLinkWLGM\rfWsnConcentrator_CC1310_LAUNCHXL_tirtos_ccs\Debug\CC1310_LAUNCHXL.obj을(를) 찾을 수 없습니다.
E:\GUI\01_WPGS\02_FW\01_WSM\13_EasyLinkWLGM\rfWsnConcentrator_CC1310_LAUNCHXL_tirtos_ccs\Debug\easylink\EasyLink.obj을(를) 찾을 수 없습니다.
E:\GUI\01_WPGS\02_FW\01_WSM\13_EasyLinkWLGM\rfWsnConcentrator_CC1310_LAUNCHXL_tirtos_ccs\Debug\smartrf_settings\smartrf_settings.obj을(를) 찾을 수 없습니다.
E:\GUI\01_WPGS\02_FW\01_WSM\13_EasyLinkWLGM\rfWsnConcentrator_CC1310_LAUNCHXL_tirtos_ccs\Debug\easylink\EasyLink.d을(를) 찾을 수 없습니다.
E:\GUI\01_WPGS\02_FW\01_WSM\13_EasyLinkWLGM\rfWsnConcentrator_CC1310_LAUNCHXL_tirtos_ccs\Debug\smartrf_settings\smartrf_settings.d을(를) 찾을 수 없습니다.
'Finished clean'
 

**** Build Finished ****

**** Clean-only build of configuration Debug for project tirtos_builds_CC1310_LAUNCHXL_release_ccs ****

"C:\\ti\\ccsv7\\utils\\bin\\gmake" -k -j 8 clean -O 
 
DEL /F  "tirtos_builds_CC1310_LAUNCHXL_release_ccs.lib"  "../src/makefile.libs" "configPkg\linker.cmd" "configPkg\compiler.opt" 
RMDIR /S/Q  "configPkg\" 
지정된 파일을 찾을 수 없습니다.
지정된 파일을 찾을 수 없습니다.
'Finished clean'
 

**** Build Finished ****

**** Build of configuration Debug for project tirtos_builds_CC1310_LAUNCHXL_release_ccs ****

"C:\\ti\\ccsv7\\utils\\bin\\gmake" -k -j 8 all -O 
 
'Building file: "../release.cfg"'
'Invoking: XDCtools'
"C:/ti/xdctools_3_50_04_43_core/xs" --xdcpath="C:/ti/simplelink_cc13x0_sdk_1_60_00_21/source;C:/ti/simplelink_cc13x0_sdk_1_60_00_21/kernel/tirtos/packages;C:/ti/ccsv7/ccs_base;" xdc.tools.configuro -o configPkg -t ti.targets.arm.elf.M3 -p ti.platforms.simplelink:CC1310F128 -r release -c "C:/ti/ccsv7/tools/compiler/ti-cgt-arm_16.9.7.LTS" --compileOptions " -DDeviceFamily_CC13X0 " "../release.cfg"
making package.mak (because of package.bld) ...
generating interfaces for package configPkg (because package/package.xdc.inc is older than package.xdc) ...
configuring release.xem3 from package/cfg/release_pem3.cfg ...
generating custom ROM library makefile ... 
Starting build of library sources ...
making E:/GUI/01_WPGS/02_FW/01_WSM/13_EasyLinkWLGM/tirtos_builds_CC1310_LAUNCHXL_release_ccs/src/sysbios/rom_sysbios.aem3 ...
gmake[1]: Entering directory `E:/GUI/01_WPGS/02_FW/01_WSM/13_EasyLinkWLGM/tirtos_builds_CC1310_LAUNCHXL_release_ccs/src/sysbios'
clem3 C:/ti/simplelink_cc13x0_sdk_1_60_00_21/kernel/tirtos/packages/ti/sysbios/BIOS.c ...
asmem3 C:/ti/simplelink_cc13x0_sdk_1_60_00_21/kernel/tirtos/packages/ti/sysbios/family/arm/m3/Hwi_asm.sv7M ...
asmem3 C:/ti/simplelink_cc13x0_sdk_1_60_00_21/kernel/tirtos/packages/ti/sysbios/family/arm/m3/Hwi_asm_switch.sv7M ...
asmem3 C:/ti/simplelink_cc13x0_sdk_1_60_00_21/kernel/tirtos/packages/ti/sysbios/family/arm/m3/IntrinsicsSupport_asm.sv7M ...
asmem3 C:/ti/simplelink_cc13x0_sdk_1_60_00_21/kernel/tirtos/packages/ti/sysbios/family/arm/m3/TaskSupport_asm.sv7M ...
arem3 rom_sysbios.obj m3_Hwi_asm.obj m3_Hwi_asm_switch.obj m3_IntrinsicsSupport_asm.obj m3_TaskSupport_asm.obj ...
gmake[1]: Leaving directory `E:/GUI/01_WPGS/02_FW/01_WSM/13_EasyLinkWLGM/tirtos_builds_CC1310_LAUNCHXL_release_ccs/src/sysbios'
Build of libraries done.
clem3 package/cfg/release_pem3.c ...
'Finished building: "../release.cfg"'
 
        1개 파일이 복사되었습니다.
making ../src/sysbios/rom_sysbios.aem3 ...
gmake[1]: Nothing to be done for 'all'.
gmake[1]: Nothing to be done for 'configPkg/linker.cmd'.
making ../src/sysbios/rom_sysbios.aem3 ...
gmake[2]: Nothing to be done for 'all'.

**** Build Finished ****

**** Build of configuration Debug for project tirtos_builds_CC1310_LAUNCHXL_release_ccs ****

"C:\\ti\\ccsv7\\utils\\bin\\gmake" -k -j 8 all -O 
 
making ../src/sysbios/rom_sysbios.aem3 ...
gmake[1]: Nothing to be done for 'all'.
gmake[1]: Nothing to be done for 'configPkg/linker.cmd'.
making ../src/sysbios/rom_sysbios.aem3 ...
gmake[2]: Nothing to be done for 'all'.

**** Build Finished ****

**** Clean-only build of configuration Debug for project rfWsnConcentrator_CC1310_LAUNCHXL_tirtos_ccs ****

"C:\\ti\\ccsv7\\utils\\bin\\gmake" -k -j 8 clean -O 
 
DEL /F  "rfWsnConcentrator_CC1310_LAUNCHXL_tirtos_ccs.hex"  "rfWsnConcentrator_CC1310_LAUNCHXL_tirtos_ccs.out" 
DEL /F "CC1310_LAUNCHXL.obj" "ConcentratorRadioTask.obj" "ConcentratorTask.obj" "ccfg.obj" "rfWsnConcentrator.obj" "easylink\EasyLink.obj" "smartrf_settings\smartrf_settings.obj" "smartrf_settings\smartrf_settings_predefined.obj" 
DEL /F "CC1310_LAUNCHXL.d" "ConcentratorRadioTask.d" "ConcentratorTask.d" "ccfg.d" "rfWsnConcentrator.d" "easylink\EasyLink.d" "smartrf_settings\smartrf_settings.d" "smartrf_settings\smartrf_settings_predefined.d" 
E:\GUI\01_WPGS\02_FW\01_WSM\13_EasyLinkWLGM\rfWsnConcentrator_CC1310_LAUNCHXL_tirtos_ccs\Debug\rfWsnConcentrator_CC1310_LAUNCHXL_tirtos_ccs.hex을(를) 찾을 수 없습니다.
E:\GUI\01_WPGS\02_FW\01_WSM\13_EasyLinkWLGM\rfWsnConcentrator_CC1310_LAUNCHXL_tirtos_ccs\Debug\CC1310_LAUNCHXL.obj을(를) 찾을 수 없습니다.
E:\GUI\01_WPGS\02_FW\01_WSM\13_EasyLinkWLGM\rfWsnConcentrator_CC1310_LAUNCHXL_tirtos_ccs\Debug\easylink\EasyLink.obj을(를) 찾을 수 없습니다.
E:\GUI\01_WPGS\02_FW\01_WSM\13_EasyLinkWLGM\rfWsnConcentrator_CC1310_LAUNCHXL_tirtos_ccs\Debug\smartrf_settings\smartrf_settings.obj을(를) 찾을 수 없습니다.
E:\GUI\01_WPGS\02_FW\01_WSM\13_EasyLinkWLGM\rfWsnConcentrator_CC1310_LAUNCHXL_tirtos_ccs\Debug\CC1310_LAUNCHXL.d을(를) 찾을 수 없습니다.
E:\GUI\01_WPGS\02_FW\01_WSM\13_EasyLinkWLGM\rfWsnConcentrator_CC1310_LAUNCHXL_tirtos_ccs\Debug\easylink\EasyLink.d을(를) 찾을 수 없습니다.
E:\GUI\01_WPGS\02_FW\01_WSM\13_EasyLinkWLGM\rfWsnConcentrator_CC1310_LAUNCHXL_tirtos_ccs\Debug\smartrf_settings\smartrf_settings.d을(를) 찾을 수 없습니다.
'Finished clean'
 

**** Build Finished ****

**** Build of configuration Debug for project rfWsnConcentrator_CC1310_LAUNCHXL_tirtos_ccs ****

"C:\\ti\\ccsv7\\utils\\bin\\gmake" -k -j 8 all -O 
 
'Building file: "../ccfg.c"'
'Invoking: ARM Compiler'
"C:/ti/ccsv7/tools/compiler/ti-cgt-arm_16.9.7.LTS/bin/armcl" -mv7M3 --code_state=16 --float_support=vfplib -me --include_path="E:/GUI/01_WPGS/02_FW/01_WSM/13_EasyLinkWLGM/rfWsnConcentrator_CC1310_LAUNCHXL_tirtos_ccs" --include_path="C:/ti/simplelink_cc13x0_sdk_1_60_00_21/source/ti/posix/ccs" --include_path="C:/ti/ccsv7/tools/compiler/ti-cgt-arm_16.9.7.LTS/include" --define=BOARD_DISPLAY_USE_LCD=1 --define=DeviceFamily_CC13X0 --define=CCFG_FORCE_VDDR_HH=0 -g --diag_warning=225 --diag_warning=255 --diag_wrap=off --display_error_number --gen_func_subsections=on --preproc_with_compile --preproc_dependency="ccfg.d_raw" --cmd_file="E:/GUI/01_WPGS/02_FW/01_WSM/13_EasyLinkWLGM/tirtos_builds_CC1310_LAUNCHXL_release_ccs/Debug/configPkg/compiler.opt" "../ccfg.c"
'Finished building: "../ccfg.c"'
 
'Building file: "../CC1310_LAUNCHXL.c"'
'Invoking: ARM Compiler'
"C:/ti/ccsv7/tools/compiler/ti-cgt-arm_16.9.7.LTS/bin/armcl" -mv7M3 --code_state=16 --float_support=vfplib -me --include_path="E:/GUI/01_WPGS/02_FW/01_WSM/13_EasyLinkWLGM/rfWsnConcentrator_CC1310_LAUNCHXL_tirtos_ccs" --include_path="C:/ti/simplelink_cc13x0_sdk_1_60_00_21/source/ti/posix/ccs" --include_path="C:/ti/ccsv7/tools/compiler/ti-cgt-arm_16.9.7.LTS/include" --define=BOARD_DISPLAY_USE_LCD=1 --define=DeviceFamily_CC13X0 --define=CCFG_FORCE_VDDR_HH=0 -g --diag_warning=225 --diag_warning=255 --diag_wrap=off --display_error_number --gen_func_subsections=on --preproc_with_compile --preproc_dependency="CC1310_LAUNCHXL.d_raw" --cmd_file="E:/GUI/01_WPGS/02_FW/01_WSM/13_EasyLinkWLGM/tirtos_builds_CC1310_LAUNCHXL_release_ccs/Debug/configPkg/compiler.opt" "../CC1310_LAUNCHXL.c"
'Finished building: "../CC1310_LAUNCHXL.c"'
 
'Building file: "../ConcentratorRadioTask.c"'
'Invoking: ARM Compiler'
"C:/ti/ccsv7/tools/compiler/ti-cgt-arm_16.9.7.LTS/bin/armcl" -mv7M3 --code_state=16 --float_support=vfplib -me --include_path="E:/GUI/01_WPGS/02_FW/01_WSM/13_EasyLinkWLGM/rfWsnConcentrator_CC1310_LAUNCHXL_tirtos_ccs" --include_path="C:/ti/simplelink_cc13x0_sdk_1_60_00_21/source/ti/posix/ccs" --include_path="C:/ti/ccsv7/tools/compiler/ti-cgt-arm_16.9.7.LTS/include" --define=BOARD_DISPLAY_USE_LCD=1 --define=DeviceFamily_CC13X0 --define=CCFG_FORCE_VDDR_HH=0 -g --diag_warning=225 --diag_warning=255 --diag_wrap=off --display_error_number --gen_func_subsections=on --preproc_with_compile --preproc_dependency="ConcentratorRadioTask.d_raw" --cmd_file="E:/GUI/01_WPGS/02_FW/01_WSM/13_EasyLinkWLGM/tirtos_builds_CC1310_LAUNCHXL_release_ccs/Debug/configPkg/compiler.opt" "../ConcentratorRadioTask.c"
'Finished building: "../ConcentratorRadioTask.c"'
 
'Building file: "../ConcentratorTask.c"'
'Invoking: ARM Compiler'
"C:/ti/ccsv7/tools/compiler/ti-cgt-arm_16.9.7.LTS/bin/armcl" -mv7M3 --code_state=16 --float_support=vfplib -me --include_path="E:/GUI/01_WPGS/02_FW/01_WSM/13_EasyLinkWLGM/rfWsnConcentrator_CC1310_LAUNCHXL_tirtos_ccs" --include_path="C:/ti/simplelink_cc13x0_sdk_1_60_00_21/source/ti/posix/ccs" --include_path="C:/ti/ccsv7/tools/compiler/ti-cgt-arm_16.9.7.LTS/include" --define=BOARD_DISPLAY_USE_LCD=1 --define=DeviceFamily_CC13X0 --define=CCFG_FORCE_VDDR_HH=0 -g --diag_warning=225 --diag_warning=255 --diag_wrap=off --display_error_number --gen_func_subsections=on --preproc_with_compile --preproc_dependency="ConcentratorTask.d_raw" --cmd_file="E:/GUI/01_WPGS/02_FW/01_WSM/13_EasyLinkWLGM/tirtos_builds_CC1310_LAUNCHXL_release_ccs/Debug/configPkg/compiler.opt" "../ConcentratorTask.c"
'Finished building: "../ConcentratorTask.c"'
 
'Building file: "../smartrf_settings/smartrf_settings.c"'
'Invoking: ARM Compiler'
"C:/ti/ccsv7/tools/compiler/ti-cgt-arm_16.9.7.LTS/bin/armcl" -mv7M3 --code_state=16 --float_support=vfplib -me --include_path="E:/GUI/01_WPGS/02_FW/01_WSM/13_EasyLinkWLGM/rfWsnConcentrator_CC1310_LAUNCHXL_tirtos_ccs" --include_path="C:/ti/simplelink_cc13x0_sdk_1_60_00_21/source/ti/posix/ccs" --include_path="C:/ti/ccsv7/tools/compiler/ti-cgt-arm_16.9.7.LTS/include" --define=BOARD_DISPLAY_USE_LCD=1 --define=DeviceFamily_CC13X0 --define=CCFG_FORCE_VDDR_HH=0 -g --diag_warning=225 --diag_warning=255 --diag_wrap=off --display_error_number --gen_func_subsections=on --preproc_with_compile --preproc_dependency="smartrf_settings/smartrf_settings.d_raw" --obj_directory="smartrf_settings" --cmd_file="E:/GUI/01_WPGS/02_FW/01_WSM/13_EasyLinkWLGM/tirtos_builds_CC1310_LAUNCHXL_release_ccs/Debug/configPkg/compiler.opt" "../smartrf_settings/smartrf_settings.c"
'Finished building: "../smartrf_settings/smartrf_settings.c"'
 
'Building file: "../rfWsnConcentrator.c"'
'Invoking: ARM Compiler'
"C:/ti/ccsv7/tools/compiler/ti-cgt-arm_16.9.7.LTS/bin/armcl" -mv7M3 --code_state=16 --float_support=vfplib -me --include_path="E:/GUI/01_WPGS/02_FW/01_WSM/13_EasyLinkWLGM/rfWsnConcentrator_CC1310_LAUNCHXL_tirtos_ccs" --include_path="C:/ti/simplelink_cc13x0_sdk_1_60_00_21/source/ti/posix/ccs" --include_path="C:/ti/ccsv7/tools/compiler/ti-cgt-arm_16.9.7.LTS/include" --define=BOARD_DISPLAY_USE_LCD=1 --define=DeviceFamily_CC13X0 --define=CCFG_FORCE_VDDR_HH=0 -g --diag_warning=225 --diag_warning=255 --diag_wrap=off --display_error_number --gen_func_subsections=on --preproc_with_compile --preproc_dependency="rfWsnConcentrator.d_raw" --cmd_file="E:/GUI/01_WPGS/02_FW/01_WSM/13_EasyLinkWLGM/tirtos_builds_CC1310_LAUNCHXL_release_ccs/Debug/configPkg/compiler.opt" "../rfWsnConcentrator.c"
'Finished building: "../rfWsnConcentrator.c"'
 
'Building file: "../smartrf_settings/smartrf_settings_predefined.c"'
'Invoking: ARM Compiler'
"C:/ti/ccsv7/tools/compiler/ti-cgt-arm_16.9.7.LTS/bin/armcl" -mv7M3 --code_state=16 --float_support=vfplib -me --include_path="E:/GUI/01_WPGS/02_FW/01_WSM/13_EasyLinkWLGM/rfWsnConcentrator_CC1310_LAUNCHXL_tirtos_ccs" --include_path="C:/ti/simplelink_cc13x0_sdk_1_60_00_21/source/ti/posix/ccs" --include_path="C:/ti/ccsv7/tools/compiler/ti-cgt-arm_16.9.7.LTS/include" --define=BOARD_DISPLAY_USE_LCD=1 --define=DeviceFamily_CC13X0 --define=CCFG_FORCE_VDDR_HH=0 -g --diag_warning=225 --diag_warning=255 --diag_wrap=off --display_error_number --gen_func_subsections=on --preproc_with_compile --preproc_dependency="smartrf_settings/smartrf_settings_predefined.d_raw" --obj_directory="smartrf_settings" --cmd_file="E:/GUI/01_WPGS/02_FW/01_WSM/13_EasyLinkWLGM/tirtos_builds_CC1310_LAUNCHXL_release_ccs/Debug/configPkg/compiler.opt" "../smartrf_settings/smartrf_settings_predefined.c"
'Finished building: "../smartrf_settings/smartrf_settings_predefined.c"'
 
'Building file: "../easylink/EasyLink.c"'
'Invoking: ARM Compiler'
"C:/ti/ccsv7/tools/compiler/ti-cgt-arm_16.9.7.LTS/bin/armcl" -mv7M3 --code_state=16 --float_support=vfplib -me --include_path="E:/GUI/01_WPGS/02_FW/01_WSM/13_EasyLinkWLGM/rfWsnConcentrator_CC1310_LAUNCHXL_tirtos_ccs" --include_path="C:/ti/simplelink_cc13x0_sdk_1_60_00_21/source/ti/posix/ccs" --include_path="C:/ti/ccsv7/tools/compiler/ti-cgt-arm_16.9.7.LTS/include" --define=BOARD_DISPLAY_USE_LCD=1 --define=DeviceFamily_CC13X0 --define=CCFG_FORCE_VDDR_HH=0 -g --diag_warning=225 --diag_warning=255 --diag_wrap=off --display_error_number --gen_func_subsections=on --preproc_with_compile --preproc_dependency="easylink/EasyLink.d_raw" --obj_directory="easylink" --cmd_file="E:/GUI/01_WPGS/02_FW/01_WSM/13_EasyLinkWLGM/tirtos_builds_CC1310_LAUNCHXL_release_ccs/Debug/configPkg/compiler.opt" "../easylink/EasyLink.c"
'Finished building: "../easylink/EasyLink.c"'
 
'Building target: "rfWsnConcentrator_CC1310_LAUNCHXL_tirtos_ccs.out"'
'Invoking: ARM Linker'
"C:/ti/ccsv7/tools/compiler/ti-cgt-arm_16.9.7.LTS/bin/armcl" -mv7M3 --code_state=16 --float_support=vfplib -me --define=BOARD_DISPLAY_USE_LCD=1 --define=DeviceFamily_CC13X0 --define=CCFG_FORCE_VDDR_HH=0 -g --diag_warning=225 --diag_warning=255 --diag_wrap=off --display_error_number --gen_func_subsections=on -z -m"rfWsnConcentrator_CC1310_LAUNCHXL_tirtos_ccs.map" -i"C:/ti/ccsv7/tools/compiler/ti-cgt-arm_16.9.7.LTS/lib" -i"C:/ti/ccsv7/tools/compiler/ti-cgt-arm_16.9.7.LTS/include" --reread_libs --diag_wrap=off --display_error_number --warn_sections --xml_link_info="rfWsnConcentrator_CC1310_LAUNCHXL_tirtos_ccs_linkInfo.xml" --rom_model -o "rfWsnConcentrator_CC1310_LAUNCHXL_tirtos_ccs.out" "./CC1310_LAUNCHXL.obj" "./ConcentratorRadioTask.obj" "./ConcentratorTask.obj" "./ccfg.obj" "./rfWsnConcentrator.obj" "./easylink/EasyLink.obj" "./smartrf_settings/smartrf_settings.obj" "./smartrf_settings/smartrf_settings_predefined.obj" "../CC1310_LAUNCHXL_TIRTOS.cmd" -l"E:/GUI/01_WPGS/02_FW/01_WSM/13_EasyLinkWLGM/tirtos_builds_CC1310_LAUNCHXL_release_ccs/Debug/configPkg/linker.cmd" -l"C:/ti/simplelink_cc13x0_sdk_1_60_00_21/source/ti/display/lib/display.aem3" -l"C:/ti/simplelink_cc13x0_sdk_1_60_00_21/source/ti/mw/lcd/lib/lcd.aem3" -l"C:/ti/simplelink_cc13x0_sdk_1_60_00_21/source/ti/grlib/lib/grlib.aem3" -l"C:/ti/simplelink_cc13x0_sdk_1_60_00_21/source/ti/drivers/rf/lib/rf_multiMode_cc13x0.aem3" -l"C:/ti/simplelink_cc13x0_sdk_1_60_00_21/source/ti/drivers/lib/drivers_cc13x0.aem3" -l"C:/ti/simplelink_cc13x0_sdk_1_60_00_21/source/ti/drivers/pdm/lib/pdm_cc13x0.aem3" -l"C:/ti/simplelink_cc13x0_sdk_1_60_00_21/kernel/tirtos/packages/ti/dpl/lib/dpl_cc13x0.aem3" -l"C:/ti/simplelink_cc13x0_sdk_1_60_00_21/source/ti/devices/cc13x0/driverlib/bin/ccs/driverlib.lib" -llibc.a 
<Linking>
'Finished building target: "rfWsnConcentrator_CC1310_LAUNCHXL_tirtos_ccs.out"'
 

**** Build Finished ****

**** Build of configuration Debug for project tirtos_builds_CC1310_LAUNCHXL_release_ccs ****

"C:\\ti\\ccsv7\\utils\\bin\\gmake" -k -j 8 all -O 
 
making ../src/sysbios/rom_sysbios.aem3 ...
gmake[1]: Nothing to be done for 'all'.
gmake[1]: Nothing to be done for 'configPkg/linker.cmd'.
making ../src/sysbios/rom_sysbios.aem3 ...
gmake[2]: Nothing to be done for 'all'.

**** Build Finished ****

**** Build of configuration Debug for project rfWsnConcentrator_CC1310_LAUNCHXL_tirtos_ccs ****

"C:\\ti\\ccsv7\\utils\\bin\\gmake" -k -j 8 all -O 
 
'Building file: "../rfWsnConcentrator.c"'
'Invoking: ARM Compiler'
"C:/ti/ccsv7/tools/compiler/ti-cgt-arm_16.9.7.LTS/bin/armcl" -mv7M3 --code_state=16 --float_support=vfplib -me --include_path="E:/GUI/01_WPGS/02_FW/01_WSM/13_EasyLinkWLGM/rfWsnConcentrator_CC1310_LAUNCHXL_tirtos_ccs" --include_path="C:/ti/simplelink_cc13x0_sdk_1_60_00_21/source/ti/posix/ccs" --include_path="C:/ti/ccsv7/tools/compiler/ti-cgt-arm_16.9.7.LTS/include" --define=BOARD_DISPLAY_USE_LCD=1 --define=DeviceFamily_CC13X0 --define=CCFG_FORCE_VDDR_HH=0 -g --diag_warning=225 --diag_warning=255 --diag_wrap=off --display_error_number --gen_func_subsections=on --preproc_with_compile --preproc_dependency="rfWsnConcentrator.d_raw" --cmd_file="E:/GUI/01_WPGS/02_FW/01_WSM/13_EasyLinkWLGM/tirtos_builds_CC1310_LAUNCHXL_release_ccs/Debug/configPkg/compiler.opt" "../rfWsnConcentrator.c"
'Finished building: "../rfWsnConcentrator.c"'
 
'Building file: "../ConcentratorRadioTask.c"'
'Invoking: ARM Compiler'
"C:/ti/ccsv7/tools/compiler/ti-cgt-arm_16.9.7.LTS/bin/armcl" -mv7M3 --code_state=16 --float_support=vfplib -me --include_path="E:/GUI/01_WPGS/02_FW/01_WSM/13_EasyLinkWLGM/rfWsnConcentrator_CC1310_LAUNCHXL_tirtos_ccs" --include_path="C:/ti/simplelink_cc13x0_sdk_1_60_00_21/source/ti/posix/ccs" --include_path="C:/ti/ccsv7/tools/compiler/ti-cgt-arm_16.9.7.LTS/include" --define=BOARD_DISPLAY_USE_LCD=1 --define=DeviceFamily_CC13X0 --define=CCFG_FORCE_VDDR_HH=0 -g --diag_warning=225 --diag_warning=255 --diag_wrap=off --display_error_number --gen_func_subsections=on --preproc_with_compile --preproc_dependency="ConcentratorRadioTask.d_raw" --cmd_file="E:/GUI/01_WPGS/02_FW/01_WSM/13_EasyLinkWLGM/tirtos_builds_CC1310_LAUNCHXL_release_ccs/Debug/configPkg/compiler.opt" "../ConcentratorRadioTask.c"
'Finished building: "../ConcentratorRadioTask.c"'
 
'Building file: "../ConcentratorTask.c"'
'Invoking: ARM Compiler'
"C:/ti/ccsv7/tools/compiler/ti-cgt-arm_16.9.7.LTS/bin/armcl" -mv7M3 --code_state=16 --float_support=vfplib -me --include_path="E:/GUI/01_WPGS/02_FW/01_WSM/13_EasyLinkWLGM/rfWsnConcentrator_CC1310_LAUNCHXL_tirtos_ccs" --include_path="C:/ti/simplelink_cc13x0_sdk_1_60_00_21/source/ti/posix/ccs" --include_path="C:/ti/ccsv7/tools/compiler/ti-cgt-arm_16.9.7.LTS/include" --define=BOARD_DISPLAY_USE_LCD=1 --define=DeviceFamily_CC13X0 --define=CCFG_FORCE_VDDR_HH=0 -g --diag_warning=225 --diag_warning=255 --diag_wrap=off --display_error_number --gen_func_subsections=on --preproc_with_compile --preproc_dependency="ConcentratorTask.d_raw" --cmd_file="E:/GUI/01_WPGS/02_FW/01_WSM/13_EasyLinkWLGM/tirtos_builds_CC1310_LAUNCHXL_release_ccs/Debug/configPkg/compiler.opt" "../ConcentratorTask.c"
'Finished building: "../ConcentratorTask.c"'
 
'Building target: "rfWsnConcentrator_CC1310_LAUNCHXL_tirtos_ccs.out"'
'Invoking: ARM Linker'
"C:/ti/ccsv7/tools/compiler/ti-cgt-arm_16.9.7.LTS/bin/armcl" -mv7M3 --code_state=16 --float_support=vfplib -me --define=BOARD_DISPLAY_USE_LCD=1 --define=DeviceFamily_CC13X0 --define=CCFG_FORCE_VDDR_HH=0 -g --diag_warning=225 --diag_warning=255 --diag_wrap=off --display_error_number --gen_func_subsections=on -z -m"rfWsnConcentrator_CC1310_LAUNCHXL_tirtos_ccs.map" -i"C:/ti/ccsv7/tools/compiler/ti-cgt-arm_16.9.7.LTS/lib" -i"C:/ti/ccsv7/tools/compiler/ti-cgt-arm_16.9.7.LTS/include" --reread_libs --diag_wrap=off --display_error_number --warn_sections --xml_link_info="rfWsnConcentrator_CC1310_LAUNCHXL_tirtos_ccs_linkInfo.xml" --rom_model -o "rfWsnConcentrator_CC1310_LAUNCHXL_tirtos_ccs.out" "./CC1310_LAUNCHXL.obj" "./ConcentratorRadioTask.obj" "./ConcentratorTask.obj" "./ccfg.obj" "./rfWsnConcentrator.obj" "./easylink/EasyLink.obj" "./smartrf_settings/smartrf_settings.obj" "./smartrf_settings/smartrf_settings_predefined.obj" "../CC1310_LAUNCHXL_TIRTOS.cmd" -l"E:/GUI/01_WPGS/02_FW/01_WSM/13_EasyLinkWLGM/tirtos_builds_CC1310_LAUNCHXL_release_ccs/Debug/configPkg/linker.cmd" -l"C:/ti/simplelink_cc13x0_sdk_1_60_00_21/source/ti/display/lib/display.aem3" -l"C:/ti/simplelink_cc13x0_sdk_1_60_00_21/source/ti/mw/lcd/lib/lcd.aem3" -l"C:/ti/simplelink_cc13x0_sdk_1_60_00_21/source/ti/grlib/lib/grlib.aem3" -l"C:/ti/simplelink_cc13x0_sdk_1_60_00_21/source/ti/drivers/rf/lib/rf_multiMode_cc13x0.aem3" -l"C:/ti/simplelink_cc13x0_sdk_1_60_00_21/source/ti/drivers/lib/drivers_cc13x0.aem3" -l"C:/ti/simplelink_cc13x0_sdk_1_60_00_21/source/ti/drivers/pdm/lib/pdm_cc13x0.aem3" -l"C:/ti/simplelink_cc13x0_sdk_1_60_00_21/kernel/tirtos/packages/ti/dpl/lib/dpl_cc13x0.aem3" -l"C:/ti/simplelink_cc13x0_sdk_1_60_00_21/source/ti/devices/cc13x0/driverlib/bin/ccs/driverlib.lib" -llibc.a 
<Linking>
'Finished building target: "rfWsnConcentrator_CC1310_LAUNCHXL_tirtos_ccs.out"'
 

**** Build Finished ****

**** Build of configuration Debug for project tirtos_builds_CC1310_LAUNCHXL_release_ccs ****

"C:\\ti\\ccsv7\\utils\\bin\\gmake" -k -j 8 all -O 
 
making ../src/sysbios/rom_sysbios.aem3 ...
gmake[1]: Nothing to be done for 'all'.
gmake[1]: Nothing to be done for 'configPkg/linker.cmd'.
making ../src/sysbios/rom_sysbios.aem3 ...
gmake[2]: Nothing to be done for 'all'.

**** Build Finished ****

**** Build of configuration Debug for project tirtos_builds_CC1310_LAUNCHXL_release_ccs ****

"C:\\ti\\ccsv7\\utils\\bin\\gmake" -k -j 8 all -O 
 
making ../src/sysbios/rom_sysbios.aem3 ...
gmake[1]: Nothing to be done for 'all'.
gmake[1]: Nothing to be done for 'configPkg/linker.cmd'.
making ../src/sysbios/rom_sysbios.aem3 ...
gmake[2]: Nothing to be done for 'all'.

**** Build Finished ****

**** Build of configuration Debug for project rfWsnConcentrator_CC1310_LAUNCHXL_tirtos_ccs ****

"C:\\ti\\ccsv7\\utils\\bin\\gmake" -k -j 8 all -O 
 
gmake[1]: 'rfWsnConcentrator_CC1310_LAUNCHXL_tirtos_ccs.out' is up to date.

**** Build Finished ****

**** Build of configuration Debug for project tirtos_builds_CC1310_LAUNCHXL_release_ccs ****

"C:\\ti\\ccsv7\\utils\\bin\\gmake" -k -j 8 all -O 
 
making ../src/sysbios/rom_sysbios.aem3 ...
gmake[1]: Nothing to be done for 'all'.
gmake[1]: Nothing to be done for 'configPkg/linker.cmd'.
making ../src/sysbios/rom_sysbios.aem3 ...
gmake[2]: Nothing to be done for 'all'.

**** Build Finished ****

**** Build of configuration Debug for project tirtos_builds_CC1310_LAUNCHXL_release_ccs ****

"C:\\ti\\ccsv7\\utils\\bin\\gmake" -k -j 8 all -O 
 
making ../src/sysbios/rom_sysbios.aem3 ...
gmake[1]: Nothing to be done for 'all'.
gmake[1]: Nothing to be done for 'configPkg/linker.cmd'.
making ../src/sysbios/rom_sysbios.aem3 ...
gmake[2]: Nothing to be done for 'all'.

**** Build Finished ****

**** Build of configuration Debug for project rfWsnConcentrator_CC1310_LAUNCHXL_tirtos_ccs ****

"C:\\ti\\ccsv7\\utils\\bin\\gmake" -k -j 8 all -O 
 
gmake[1]: 'rfWsnConcentrator_CC1310_LAUNCHXL_tirtos_ccs.out' is up to date.

**** Build Finished ****

**** Build of configuration Debug for project tirtos_builds_CC1310_LAUNCHXL_release_ccs ****

"C:\\ti\\ccsv7\\utils\\bin\\gmake" -k -j 8 all -O 
 
making ../src/sysbios/rom_sysbios.aem3 ...
gmake[1]: Nothing to be done for 'all'.
gmake[1]: Nothing to be done for 'configPkg/linker.cmd'.
making ../src/sysbios/rom_sysbios.aem3 ...
gmake[2]: Nothing to be done for 'all'.

**** Build Finished ****

**** Build of configuration Debug for project tirtos_builds_CC1310_LAUNCHXL_release_ccs ****

"C:\\ti\\ccsv7\\utils\\bin\\gmake" -k -j 8 all -O 
 
making ../src/sysbios/rom_sysbios.aem3 ...
gmake[1]: Nothing to be done for 'all'.
gmake[1]: Nothing to be done for 'configPkg/linker.cmd'.
making ../src/sysbios/rom_sysbios.aem3 ...
gmake[2]: Nothing to be done for 'all'.

**** Build Finished ****

**** Build of configuration Debug for project rfWsnConcentrator_CC1310_LAUNCHXL_tirtos_ccs ****

"C:\\ti\\ccsv7\\utils\\bin\\gmake" -k -j 8 all -O 
 
gmake[1]: 'rfWsnConcentrator_CC1310_LAUNCHXL_tirtos_ccs.out' is up to date.

**** Build Finished ****

**** Build of configuration Debug for project tirtos_builds_CC1310_LAUNCHXL_release_ccs ****

"C:\\ti\\ccsv7\\utils\\bin\\gmake" -k -j 8 all -O 
 
making ../src/sysbios/rom_sysbios.aem3 ...
gmake[1]: Nothing to be done for 'all'.
gmake[1]: Nothing to be done for 'configPkg/linker.cmd'.
making ../src/sysbios/rom_sysbios.aem3 ...
gmake[2]: Nothing to be done for 'all'.

**** Build Finished ****

**** Build of configuration Debug for project tirtos_builds_CC1310_LAUNCHXL_release_ccs ****

"C:\\ti\\ccsv7\\utils\\bin\\gmake" -k -j 8 all -O 
 
making ../src/sysbios/rom_sysbios.aem3 ...
gmake[1]: Nothing to be done for 'all'.
gmake[1]: Nothing to be done for 'configPkg/linker.cmd'.
making ../src/sysbios/rom_sysbios.aem3 ...
gmake[2]: Nothing to be done for 'all'.

**** Build Finished ****

**** Build of configuration Debug for project rfWsnConcentrator_CC1310_LAUNCHXL_tirtos_ccs ****

"C:\\ti\\ccsv7\\utils\\bin\\gmake" -k -j 8 all -O 
 
gmake[1]: 'rfWsnConcentrator_CC1310_LAUNCHXL_tirtos_ccs.out' is up to date.

**** Build Finished ****

**** Build of configuration Debug for project tirtos_builds_CC1310_LAUNCHXL_release_ccs ****

"C:\\ti\\ccsv7\\utils\\bin\\gmake" -k -j 8 all -O 
 
making ../src/sysbios/rom_sysbios.aem3 ...
gmake[1]: Nothing to be done for 'all'.
gmake[1]: Nothing to be done for 'configPkg/linker.cmd'.
making ../src/sysbios/rom_sysbios.aem3 ...
gmake[2]: Nothing to be done for 'all'.

**** Build Finished ****

**** Build of configuration Debug for project tirtos_builds_CC1310_LAUNCHXL_release_ccs ****

"C:\\ti\\ccsv7\\utils\\bin\\gmake" -k -j 8 all -O 
 
making ../src/sysbios/rom_sysbios.aem3 ...
gmake[1]: Nothing to be done for 'all'.
gmake[1]: Nothing to be done for 'configPkg/linker.cmd'.
making ../src/sysbios/rom_sysbios.aem3 ...
gmake[2]: Nothing to be done for 'all'.

**** Build Finished ****

**** Build of configuration Debug for project rfWsnConcentrator_CC1310_LAUNCHXL_tirtos_ccs ****

"C:\\ti\\ccsv7\\utils\\bin\\gmake" -k -j 8 all -O 
 
gmake[1]: 'rfWsnConcentrator_CC1310_LAUNCHXL_tirtos_ccs.out' is up to date.

**** Build Finished ****

**** Build of configuration Debug for project tirtos_builds_CC1310_LAUNCHXL_release_ccs ****

"C:\\ti\\ccsv7\\utils\\bin\\gmake" -k -j 8 all -O 
 
making ../src/sysbios/rom_sysbios.aem3 ...
gmake[1]: Nothing to be done for 'all'.
gmake[1]: Nothing to be done for 'configPkg/linker.cmd'.
making ../src/sysbios/rom_sysbios.aem3 ...
gmake[2]: Nothing to be done for 'all'.

**** Build Finished ****

**** Build of configuration Debug for project tirtos_builds_CC1310_LAUNCHXL_release_ccs ****

"C:\\ti\\ccsv7\\utils\\bin\\gmake" -k -j 8 all -O 
 
making ../src/sysbios/rom_sysbios.aem3 ...
gmake[1]: Nothing to be done for 'all'.
gmake[1]: Nothing to be done for 'configPkg/linker.cmd'.
making ../src/sysbios/rom_sysbios.aem3 ...
gmake[2]: Nothing to be done for 'all'.

**** Build Finished ****

**** Build of configuration Debug for project rfWsnConcentrator_CC1310_LAUNCHXL_tirtos_ccs ****

"C:\\ti\\ccsv7\\utils\\bin\\gmake" -k -j 8 all -O 
 
gmake[1]: 'rfWsnConcentrator_CC1310_LAUNCHXL_tirtos_ccs.out' is up to date.

**** Build Finished ****

**** Build of configuration Debug for project tirtos_builds_CC1310_LAUNCHXL_release_ccs ****

"C:\\ti\\ccsv7\\utils\\bin\\gmake" -k -j 8 all -O 
 
making ../src/sysbios/rom_sysbios.aem3 ...
gmake[1]: Nothing to be done for 'all'.
gmake[1]: Nothing to be done for 'configPkg/linker.cmd'.
making ../src/sysbios/rom_sysbios.aem3 ...
gmake[2]: Nothing to be done for 'all'.

**** Build Finished ****

**** Build of configuration Debug for project tirtos_builds_CC1310_LAUNCHXL_release_ccs ****

"C:\\ti\\ccsv7\\utils\\bin\\gmake" -k -j 8 all -O 
 
making ../src/sysbios/rom_sysbios.aem3 ...
gmake[1]: Nothing to be done for 'all'.
gmake[1]: Nothing to be done for 'configPkg/linker.cmd'.
making ../src/sysbios/rom_sysbios.aem3 ...
gmake[2]: Nothing to be done for 'all'.

**** Build Finished ****

**** Build of configuration Debug for project rfWsnConcentrator_CC1310_LAUNCHXL_tirtos_ccs ****

"C:\\ti\\ccsv7\\utils\\bin\\gmake" -k -j 8 all -O 
 
gmake[1]: 'rfWsnConcentrator_CC1310_LAUNCHXL_tirtos_ccs.out' is up to date.

**** Build Finished ****
