
**** Build of configuration Debug for project tirtos_builds_CC1310_LAUNCHXL_release_ccs ****

"C:\\ti\\ccsv7\\utils\\bin\\gmake" -k -j 4 all -O 
 
'Building file: "../release.cfg"'
'Invoking: XDCtools'
"C:/ti/xdctools_3_50_04_43_core/xs" --xdcpath="C:/ti/simplelink_cc13x0_sdk_1_60_00_21/source;C:/ti/simplelink_cc13x0_sdk_1_60_00_21/kernel/tirtos/packages;C:/ti/ccsv7/ccs_base;" xdc.tools.configuro -o configPkg -t ti.targets.arm.elf.M3 -p ti.platforms.simplelink:CC1310F128 -r release -c "C:/ti/ccsv7/tools/compiler/ti-cgt-arm_16.9.7.LTS" --compileOptions " -DDeviceFamily_CC13X0 " "../release.cfg"
making package.mak (because of package.bld) ...
generating interfaces for package configPkg (because package/package.xdc.inc is older than package.xdc) ...
configuring release.xem3 from package/cfg/release_pem3.cfg ...
generating custom ROM library makefile ... 
Starting build of library sources ...
making D:/GIT/01_WPGS/02_FW/01_WSM/14_EasyLinkWSM/tirtos_builds_CC1310_LAUNCHXL_release_ccs/src/sysbios/rom_sysbios.aem3 ...
gmake[1]: Entering directory `D:/GIT/01_WPGS/02_FW/01_WSM/14_EasyLinkWSM/tirtos_builds_CC1310_LAUNCHXL_release_ccs/src/sysbios'
clem3 C:/ti/simplelink_cc13x0_sdk_1_60_00_21/kernel/tirtos/packages/ti/sysbios/BIOS.c ...
asmem3 C:/ti/simplelink_cc13x0_sdk_1_60_00_21/kernel/tirtos/packages/ti/sysbios/family/arm/m3/Hwi_asm.sv7M ...
asmem3 C:/ti/simplelink_cc13x0_sdk_1_60_00_21/kernel/tirtos/packages/ti/sysbios/family/arm/m3/Hwi_asm_switch.sv7M ...
asmem3 C:/ti/simplelink_cc13x0_sdk_1_60_00_21/kernel/tirtos/packages/ti/sysbios/family/arm/m3/IntrinsicsSupport_asm.sv7M ...
asmem3 C:/ti/simplelink_cc13x0_sdk_1_60_00_21/kernel/tirtos/packages/ti/sysbios/family/arm/m3/TaskSupport_asm.sv7M ...
arem3 rom_sysbios.obj m3_Hwi_asm.obj m3_Hwi_asm_switch.obj m3_IntrinsicsSupport_asm.obj m3_TaskSupport_asm.obj ...
gmake[1]: Leaving directory `D:/GIT/01_WPGS/02_FW/01_WSM/14_EasyLinkWSM/tirtos_builds_CC1310_LAUNCHXL_release_ccs/src/sysbios'
Build of libraries done.
clem3 package/cfg/release_pem3.c ...
'Finished building: "../release.cfg"'
 
        1개 파일이 복사되었습니다.
making ../src/sysbios/rom_sysbios.aem3 ...
gmake[1]: Nothing to be done for 'all'.
gmake[1]: Nothing to be done for 'configPkg/linker.cmd'.
making ../src/sysbios/rom_sysbios.aem3 ...
gmake[2]: Nothing to be done for 'all'.

**** Build Finished ****

**** Build of configuration Debug for project rfWsnNode_CC1310_LAUNCHXL_tirtos_ccs ****

"C:\\ti\\ccsv7\\utils\\bin\\gmake" -k -j 4 all -O 
 
'Building file: "../CC1310_LAUNCHXL.c"'
'Invoking: ARM Compiler'
"C:/ti/ccsv7/tools/compiler/ti-cgt-arm_16.9.7.LTS/bin/armcl" -mv7M3 --code_state=16 --float_support=vfplib -me --include_path="D:/GIT/01_WPGS/02_FW/01_WSM/14_EasyLinkWSM/rfWsnNode_CC1310_LAUNCHXL_tirtos_ccs" --include_path="C:/ti/simplelink_cc13x0_sdk_1_60_00_21/source/ti/posix/ccs" --include_path="C:/ti/ccsv7/tools/compiler/ti-cgt-arm_16.9.7.LTS/include" --define=DeviceFamily_CC13X0 --define=CCFG_FORCE_VDDR_HH=0 -g --diag_warning=225 --diag_warning=255 --diag_wrap=off --display_error_number --gen_func_subsections=on --preproc_with_compile --preproc_dependency="CC1310_LAUNCHXL.d_raw" --cmd_file="D:/GIT/01_WPGS/02_FW/01_WSM/14_EasyLinkWSM/tirtos_builds_CC1310_LAUNCHXL_release_ccs/Debug/configPkg/compiler.opt" "../CC1310_LAUNCHXL.c"
'Finished building: "../CC1310_LAUNCHXL.c"'
 
'Building file: "../SceAdc.c"'
'Invoking: ARM Compiler'
"C:/ti/ccsv7/tools/compiler/ti-cgt-arm_16.9.7.LTS/bin/armcl" -mv7M3 --code_state=16 --float_support=vfplib -me --include_path="D:/GIT/01_WPGS/02_FW/01_WSM/14_EasyLinkWSM/rfWsnNode_CC1310_LAUNCHXL_tirtos_ccs" --include_path="C:/ti/simplelink_cc13x0_sdk_1_60_00_21/source/ti/posix/ccs" --include_path="C:/ti/ccsv7/tools/compiler/ti-cgt-arm_16.9.7.LTS/include" --define=DeviceFamily_CC13X0 --define=CCFG_FORCE_VDDR_HH=0 -g --diag_warning=225 --diag_warning=255 --diag_wrap=off --display_error_number --gen_func_subsections=on --preproc_with_compile --preproc_dependency="SceAdc.d_raw" --cmd_file="D:/GIT/01_WPGS/02_FW/01_WSM/14_EasyLinkWSM/tirtos_builds_CC1310_LAUNCHXL_release_ccs/Debug/configPkg/compiler.opt" "../SceAdc.c"
'Finished building: "../SceAdc.c"'
 
'Building file: "../NodeTask.c"'
'Invoking: ARM Compiler'
"C:/ti/ccsv7/tools/compiler/ti-cgt-arm_16.9.7.LTS/bin/armcl" -mv7M3 --code_state=16 --float_support=vfplib -me --include_path="D:/GIT/01_WPGS/02_FW/01_WSM/14_EasyLinkWSM/rfWsnNode_CC1310_LAUNCHXL_tirtos_ccs" --include_path="C:/ti/simplelink_cc13x0_sdk_1_60_00_21/source/ti/posix/ccs" --include_path="C:/ti/ccsv7/tools/compiler/ti-cgt-arm_16.9.7.LTS/include" --define=DeviceFamily_CC13X0 --define=CCFG_FORCE_VDDR_HH=0 -g --diag_warning=225 --diag_warning=255 --diag_wrap=off --display_error_number --gen_func_subsections=on --preproc_with_compile --preproc_dependency="NodeTask.d_raw" --cmd_file="D:/GIT/01_WPGS/02_FW/01_WSM/14_EasyLinkWSM/tirtos_builds_CC1310_LAUNCHXL_release_ccs/Debug/configPkg/compiler.opt" "../NodeTask.c"
'Finished building: "../NodeTask.c"'
 
'Building file: "../NodeRadioTask.c"'
'Invoking: ARM Compiler'
"C:/ti/ccsv7/tools/compiler/ti-cgt-arm_16.9.7.LTS/bin/armcl" -mv7M3 --code_state=16 --float_support=vfplib -me --include_path="D:/GIT/01_WPGS/02_FW/01_WSM/14_EasyLinkWSM/rfWsnNode_CC1310_LAUNCHXL_tirtos_ccs" --include_path="C:/ti/simplelink_cc13x0_sdk_1_60_00_21/source/ti/posix/ccs" --include_path="C:/ti/ccsv7/tools/compiler/ti-cgt-arm_16.9.7.LTS/include" --define=DeviceFamily_CC13X0 --define=CCFG_FORCE_VDDR_HH=0 -g --diag_warning=225 --diag_warning=255 --diag_wrap=off --display_error_number --gen_func_subsections=on --preproc_with_compile --preproc_dependency="NodeRadioTask.d_raw" --cmd_file="D:/GIT/01_WPGS/02_FW/01_WSM/14_EasyLinkWSM/tirtos_builds_CC1310_LAUNCHXL_release_ccs/Debug/configPkg/compiler.opt" "../NodeRadioTask.c"
'Finished building: "../NodeRadioTask.c"'
 
'Building file: "../ccfg.c"'
'Invoking: ARM Compiler'
"C:/ti/ccsv7/tools/compiler/ti-cgt-arm_16.9.7.LTS/bin/armcl" -mv7M3 --code_state=16 --float_support=vfplib -me --include_path="D:/GIT/01_WPGS/02_FW/01_WSM/14_EasyLinkWSM/rfWsnNode_CC1310_LAUNCHXL_tirtos_ccs" --include_path="C:/ti/simplelink_cc13x0_sdk_1_60_00_21/source/ti/posix/ccs" --include_path="C:/ti/ccsv7/tools/compiler/ti-cgt-arm_16.9.7.LTS/include" --define=DeviceFamily_CC13X0 --define=CCFG_FORCE_VDDR_HH=0 -g --diag_warning=225 --diag_warning=255 --diag_wrap=off --display_error_number --gen_func_subsections=on --preproc_with_compile --preproc_dependency="ccfg.d_raw" --cmd_file="D:/GIT/01_WPGS/02_FW/01_WSM/14_EasyLinkWSM/tirtos_builds_CC1310_LAUNCHXL_release_ccs/Debug/configPkg/compiler.opt" "../ccfg.c"
'Finished building: "../ccfg.c"'
 
'Building file: "../sce/scif.c"'
'Invoking: ARM Compiler'
"C:/ti/ccsv7/tools/compiler/ti-cgt-arm_16.9.7.LTS/bin/armcl" -mv7M3 --code_state=16 --float_support=vfplib -me --include_path="D:/GIT/01_WPGS/02_FW/01_WSM/14_EasyLinkWSM/rfWsnNode_CC1310_LAUNCHXL_tirtos_ccs" --include_path="C:/ti/simplelink_cc13x0_sdk_1_60_00_21/source/ti/posix/ccs" --include_path="C:/ti/ccsv7/tools/compiler/ti-cgt-arm_16.9.7.LTS/include" --define=DeviceFamily_CC13X0 --define=CCFG_FORCE_VDDR_HH=0 -g --diag_warning=225 --diag_warning=255 --diag_wrap=off --display_error_number --gen_func_subsections=on --preproc_with_compile --preproc_dependency="sce/scif.d_raw" --obj_directory="sce" --cmd_file="D:/GIT/01_WPGS/02_FW/01_WSM/14_EasyLinkWSM/tirtos_builds_CC1310_LAUNCHXL_release_ccs/Debug/configPkg/compiler.opt" "../sce/scif.c"
'Finished building: "../sce/scif.c"'
 
'Building file: "../rfWsnNode.c"'
'Invoking: ARM Compiler'
"C:/ti/ccsv7/tools/compiler/ti-cgt-arm_16.9.7.LTS/bin/armcl" -mv7M3 --code_state=16 --float_support=vfplib -me --include_path="D:/GIT/01_WPGS/02_FW/01_WSM/14_EasyLinkWSM/rfWsnNode_CC1310_LAUNCHXL_tirtos_ccs" --include_path="C:/ti/simplelink_cc13x0_sdk_1_60_00_21/source/ti/posix/ccs" --include_path="C:/ti/ccsv7/tools/compiler/ti-cgt-arm_16.9.7.LTS/include" --define=DeviceFamily_CC13X0 --define=CCFG_FORCE_VDDR_HH=0 -g --diag_warning=225 --diag_warning=255 --diag_wrap=off --display_error_number --gen_func_subsections=on --preproc_with_compile --preproc_dependency="rfWsnNode.d_raw" --cmd_file="D:/GIT/01_WPGS/02_FW/01_WSM/14_EasyLinkWSM/tirtos_builds_CC1310_LAUNCHXL_release_ccs/Debug/configPkg/compiler.opt" "../rfWsnNode.c"
'Finished building: "../rfWsnNode.c"'
 
'Building file: "../sce/scif_osal_tirtos.c"'
'Invoking: ARM Compiler'
"C:/ti/ccsv7/tools/compiler/ti-cgt-arm_16.9.7.LTS/bin/armcl" -mv7M3 --code_state=16 --float_support=vfplib -me --include_path="D:/GIT/01_WPGS/02_FW/01_WSM/14_EasyLinkWSM/rfWsnNode_CC1310_LAUNCHXL_tirtos_ccs" --include_path="C:/ti/simplelink_cc13x0_sdk_1_60_00_21/source/ti/posix/ccs" --include_path="C:/ti/ccsv7/tools/compiler/ti-cgt-arm_16.9.7.LTS/include" --define=DeviceFamily_CC13X0 --define=CCFG_FORCE_VDDR_HH=0 -g --diag_warning=225 --diag_warning=255 --diag_wrap=off --display_error_number --gen_func_subsections=on --preproc_with_compile --preproc_dependency="sce/scif_osal_tirtos.d_raw" --obj_directory="sce" --cmd_file="D:/GIT/01_WPGS/02_FW/01_WSM/14_EasyLinkWSM/tirtos_builds_CC1310_LAUNCHXL_release_ccs/Debug/configPkg/compiler.opt" "../sce/scif_osal_tirtos.c"
'Finished building: "../sce/scif_osal_tirtos.c"'
 
'Building file: "../sce/scif_framework.c"'
'Invoking: ARM Compiler'
"C:/ti/ccsv7/tools/compiler/ti-cgt-arm_16.9.7.LTS/bin/armcl" -mv7M3 --code_state=16 --float_support=vfplib -me --include_path="D:/GIT/01_WPGS/02_FW/01_WSM/14_EasyLinkWSM/rfWsnNode_CC1310_LAUNCHXL_tirtos_ccs" --include_path="C:/ti/simplelink_cc13x0_sdk_1_60_00_21/source/ti/posix/ccs" --include_path="C:/ti/ccsv7/tools/compiler/ti-cgt-arm_16.9.7.LTS/include" --define=DeviceFamily_CC13X0 --define=CCFG_FORCE_VDDR_HH=0 -g --diag_warning=225 --diag_warning=255 --diag_wrap=off --display_error_number --gen_func_subsections=on --preproc_with_compile --preproc_dependency="sce/scif_framework.d_raw" --obj_directory="sce" --cmd_file="D:/GIT/01_WPGS/02_FW/01_WSM/14_EasyLinkWSM/tirtos_builds_CC1310_LAUNCHXL_release_ccs/Debug/configPkg/compiler.opt" "../sce/scif_framework.c"
'Finished building: "../sce/scif_framework.c"'
 
'Building file: "../easylink/EasyLink.c"'
'Invoking: ARM Compiler'
"C:/ti/ccsv7/tools/compiler/ti-cgt-arm_16.9.7.LTS/bin/armcl" -mv7M3 --code_state=16 --float_support=vfplib -me --include_path="D:/GIT/01_WPGS/02_FW/01_WSM/14_EasyLinkWSM/rfWsnNode_CC1310_LAUNCHXL_tirtos_ccs" --include_path="C:/ti/simplelink_cc13x0_sdk_1_60_00_21/source/ti/posix/ccs" --include_path="C:/ti/ccsv7/tools/compiler/ti-cgt-arm_16.9.7.LTS/include" --define=DeviceFamily_CC13X0 --define=CCFG_FORCE_VDDR_HH=0 -g --diag_warning=225 --diag_warning=255 --diag_wrap=off --display_error_number --gen_func_subsections=on --preproc_with_compile --preproc_dependency="easylink/EasyLink.d_raw" --obj_directory="easylink" --cmd_file="D:/GIT/01_WPGS/02_FW/01_WSM/14_EasyLinkWSM/tirtos_builds_CC1310_LAUNCHXL_release_ccs/Debug/configPkg/compiler.opt" "../easylink/EasyLink.c"
'Finished building: "../easylink/EasyLink.c"'
 
'Building file: "../smartrf_settings/smartrf_settings.c"'
'Invoking: ARM Compiler'
"C:/ti/ccsv7/tools/compiler/ti-cgt-arm_16.9.7.LTS/bin/armcl" -mv7M3 --code_state=16 --float_support=vfplib -me --include_path="D:/GIT/01_WPGS/02_FW/01_WSM/14_EasyLinkWSM/rfWsnNode_CC1310_LAUNCHXL_tirtos_ccs" --include_path="C:/ti/simplelink_cc13x0_sdk_1_60_00_21/source/ti/posix/ccs" --include_path="C:/ti/ccsv7/tools/compiler/ti-cgt-arm_16.9.7.LTS/include" --define=DeviceFamily_CC13X0 --define=CCFG_FORCE_VDDR_HH=0 -g --diag_warning=225 --diag_warning=255 --diag_wrap=off --display_error_number --gen_func_subsections=on --preproc_with_compile --preproc_dependency="smartrf_settings/smartrf_settings.d_raw" --obj_directory="smartrf_settings" --cmd_file="D:/GIT/01_WPGS/02_FW/01_WSM/14_EasyLinkWSM/tirtos_builds_CC1310_LAUNCHXL_release_ccs/Debug/configPkg/compiler.opt" "../smartrf_settings/smartrf_settings.c"
'Finished building: "../smartrf_settings/smartrf_settings.c"'
 
'Building file: "../smartrf_settings/smartrf_settings_predefined.c"'
'Invoking: ARM Compiler'
"C:/ti/ccsv7/tools/compiler/ti-cgt-arm_16.9.7.LTS/bin/armcl" -mv7M3 --code_state=16 --float_support=vfplib -me --include_path="D:/GIT/01_WPGS/02_FW/01_WSM/14_EasyLinkWSM/rfWsnNode_CC1310_LAUNCHXL_tirtos_ccs" --include_path="C:/ti/simplelink_cc13x0_sdk_1_60_00_21/source/ti/posix/ccs" --include_path="C:/ti/ccsv7/tools/compiler/ti-cgt-arm_16.9.7.LTS/include" --define=DeviceFamily_CC13X0 --define=CCFG_FORCE_VDDR_HH=0 -g --diag_warning=225 --diag_warning=255 --diag_wrap=off --display_error_number --gen_func_subsections=on --preproc_with_compile --preproc_dependency="smartrf_settings/smartrf_settings_predefined.d_raw" --obj_directory="smartrf_settings" --cmd_file="D:/GIT/01_WPGS/02_FW/01_WSM/14_EasyLinkWSM/tirtos_builds_CC1310_LAUNCHXL_release_ccs/Debug/configPkg/compiler.opt" "../smartrf_settings/smartrf_settings_predefined.c"
'Finished building: "../smartrf_settings/smartrf_settings_predefined.c"'
 
'Building target: "rfWsnNode_CC1310_LAUNCHXL_tirtos_ccs.out"'
'Invoking: ARM Linker'
"C:/ti/ccsv7/tools/compiler/ti-cgt-arm_16.9.7.LTS/bin/armcl" -mv7M3 --code_state=16 --float_support=vfplib -me --define=DeviceFamily_CC13X0 --define=CCFG_FORCE_VDDR_HH=0 -g --diag_warning=225 --diag_warning=255 --diag_wrap=off --display_error_number --gen_func_subsections=on -z -m"rfWsnNode_CC1310_LAUNCHXL_tirtos_ccs.map" -i"C:/ti/ccsv7/tools/compiler/ti-cgt-arm_16.9.7.LTS/lib" -i"C:/ti/ccsv7/tools/compiler/ti-cgt-arm_16.9.7.LTS/include" --reread_libs --diag_wrap=off --display_error_number --warn_sections --xml_link_info="rfWsnNode_CC1310_LAUNCHXL_tirtos_ccs_linkInfo.xml" --rom_model -o "rfWsnNode_CC1310_LAUNCHXL_tirtos_ccs.out" "./CC1310_LAUNCHXL.obj" "./NodeRadioTask.obj" "./NodeTask.obj" "./SceAdc.obj" "./ccfg.obj" "./rfWsnNode.obj" "./easylink/EasyLink.obj" "./sce/scif.obj" "./sce/scif_framework.obj" "./sce/scif_osal_tirtos.obj" "./smartrf_settings/smartrf_settings.obj" "./smartrf_settings/smartrf_settings_predefined.obj" "../CC1310_LAUNCHXL_TIRTOS.cmd" -l"D:/GIT/01_WPGS/02_FW/01_WSM/14_EasyLinkWSM/tirtos_builds_CC1310_LAUNCHXL_release_ccs/Debug/configPkg/linker.cmd" -l"C:/ti/simplelink_cc13x0_sdk_1_60_00_21/source/ti/display/lib/display.aem3" -l"C:/ti/simplelink_cc13x0_sdk_1_60_00_21/source/ti/mw/lcd/lib/lcd.aem3" -l"C:/ti/simplelink_cc13x0_sdk_1_60_00_21/source/ti/grlib/lib/grlib.aem3" -l"C:/ti/simplelink_cc13x0_sdk_1_60_00_21/source/ti/drivers/rf/lib/rf_multiMode_cc13x0.aem3" -l"C:/ti/simplelink_cc13x0_sdk_1_60_00_21/source/ti/drivers/lib/drivers_cc13x0.aem3" -l"C:/ti/simplelink_cc13x0_sdk_1_60_00_21/source/ti/drivers/pdm/lib/pdm_cc13x0.aem3" -l"C:/ti/simplelink_cc13x0_sdk_1_60_00_21/kernel/tirtos/packages/ti/dpl/lib/dpl_cc13x0.aem3" -l"C:/ti/simplelink_cc13x0_sdk_1_60_00_21/source/ti/devices/cc13x0/driverlib/bin/ccs/driverlib.lib" -llibc.a 
<Linking>
'Finished building target: "rfWsnNode_CC1310_LAUNCHXL_tirtos_ccs.out"'
 

**** Build Finished ****

**** Build of configuration Debug for project tirtos_builds_CC1310_LAUNCHXL_release_ccs ****

"C:\\ti\\ccsv7\\utils\\bin\\gmake" -k -j 4 all -O 
 
making ../src/sysbios/rom_sysbios.aem3 ...
gmake[1]: Nothing to be done for 'all'.
gmake[1]: Nothing to be done for 'configPkg/linker.cmd'.
making ../src/sysbios/rom_sysbios.aem3 ...
gmake[2]: Nothing to be done for 'all'.

**** Build Finished ****

**** Build of configuration Debug for project tirtos_builds_CC1310_LAUNCHXL_release_ccs ****

"C:\\ti\\ccsv7\\utils\\bin\\gmake" -k -j 4 all -O 
 
making ../src/sysbios/rom_sysbios.aem3 ...
gmake[1]: Nothing to be done for 'all'.
gmake[1]: Nothing to be done for 'configPkg/linker.cmd'.
making ../src/sysbios/rom_sysbios.aem3 ...
gmake[2]: Nothing to be done for 'all'.

**** Build Finished ****

**** Build of configuration Debug for project rfWsnNode_CC1310_LAUNCHXL_tirtos_ccs ****

"C:\\ti\\ccsv7\\utils\\bin\\gmake" -k -j 4 all -O 
 
gmake[1]: 'rfWsnNode_CC1310_LAUNCHXL_tirtos_ccs.out' is up to date.

**** Build Finished ****

**** Build of configuration Debug for project tirtos_builds_CC1310_LAUNCHXL_release_ccs ****

"C:\\ti\\ccsv7\\utils\\bin\\gmake" -k -j 4 all -O 
 
making ../src/sysbios/rom_sysbios.aem3 ...
gmake[1]: Nothing to be done for 'all'.
gmake[1]: Nothing to be done for 'configPkg/linker.cmd'.
making ../src/sysbios/rom_sysbios.aem3 ...
gmake[2]: Nothing to be done for 'all'.

**** Build Finished ****

**** Build of configuration Debug for project tirtos_builds_CC1310_LAUNCHXL_release_ccs ****

"C:\\ti\\ccsv7\\utils\\bin\\gmake" -k -j 4 all -O 
 
making ../src/sysbios/rom_sysbios.aem3 ...
gmake[1]: Nothing to be done for 'all'.
gmake[1]: Nothing to be done for 'configPkg/linker.cmd'.
making ../src/sysbios/rom_sysbios.aem3 ...
gmake[2]: Nothing to be done for 'all'.

**** Build Finished ****

**** Build of configuration Debug for project rfWsnNode_CC1310_LAUNCHXL_tirtos_ccs ****

"C:\\ti\\ccsv7\\utils\\bin\\gmake" -k -j 4 all -O 
 
gmake[1]: 'rfWsnNode_CC1310_LAUNCHXL_tirtos_ccs.out' is up to date.

**** Build Finished ****

**** Build of configuration Debug for project tirtos_builds_CC1310_LAUNCHXL_release_ccs ****

"C:\\ti\\ccsv7\\utils\\bin\\gmake" -k -j 4 all -O 
 
making ../src/sysbios/rom_sysbios.aem3 ...
gmake[1]: Nothing to be done for 'all'.
gmake[1]: Nothing to be done for 'configPkg/linker.cmd'.
making ../src/sysbios/rom_sysbios.aem3 ...
gmake[2]: Nothing to be done for 'all'.

**** Build Finished ****

**** Build of configuration Debug for project tirtos_builds_CC1310_LAUNCHXL_release_ccs ****

"C:\\ti\\ccsv7\\utils\\bin\\gmake" -k -j 4 all -O 
 
making ../src/sysbios/rom_sysbios.aem3 ...
gmake[1]: Nothing to be done for 'all'.
gmake[1]: Nothing to be done for 'configPkg/linker.cmd'.
making ../src/sysbios/rom_sysbios.aem3 ...
gmake[2]: Nothing to be done for 'all'.

**** Build Finished ****

**** Build of configuration Debug for project rfWsnNode_CC1310_LAUNCHXL_tirtos_ccs ****

"C:\\ti\\ccsv7\\utils\\bin\\gmake" -k -j 4 all -O 
 
gmake[1]: 'rfWsnNode_CC1310_LAUNCHXL_tirtos_ccs.out' is up to date.

**** Build Finished ****

**** Build of configuration Debug for project tirtos_builds_CC1310_LAUNCHXL_release_ccs ****

"C:\\ti\\ccsv7\\utils\\bin\\gmake" -k -j 4 all -O 
 
making ../src/sysbios/rom_sysbios.aem3 ...
gmake[1]: Nothing to be done for 'all'.
gmake[1]: Nothing to be done for 'configPkg/linker.cmd'.
making ../src/sysbios/rom_sysbios.aem3 ...
gmake[2]: Nothing to be done for 'all'.

**** Build Finished ****

**** Build of configuration Debug for project rfWsnNode_CC1310_LAUNCHXL_tirtos_ccs ****

"C:\\ti\\ccsv7\\utils\\bin\\gmake" -k -j 4 all -O 
 
'Building file: "../NodeRadioTask.c"'
'Invoking: ARM Compiler'
"C:/ti/ccsv7/tools/compiler/ti-cgt-arm_16.9.7.LTS/bin/armcl" -mv7M3 --code_state=16 --float_support=vfplib -me --include_path="D:/GIT/01_WPGS/02_FW/01_WSM/14_EasyLinkWSM/rfWsnNode_CC1310_LAUNCHXL_tirtos_ccs" --include_path="C:/ti/simplelink_cc13x0_sdk_1_60_00_21/source/ti/posix/ccs" --include_path="C:/ti/ccsv7/tools/compiler/ti-cgt-arm_16.9.7.LTS/include" --define=DeviceFamily_CC13X0 --define=CCFG_FORCE_VDDR_HH=0 -g --diag_warning=225 --diag_warning=255 --diag_wrap=off --display_error_number --gen_func_subsections=on --preproc_with_compile --preproc_dependency="NodeRadioTask.d_raw" --cmd_file="D:/GIT/01_WPGS/02_FW/01_WSM/14_EasyLinkWSM/tirtos_builds_CC1310_LAUNCHXL_release_ccs/Debug/configPkg/compiler.opt" "../NodeRadioTask.c"
'Finished building: "../NodeRadioTask.c"'
 
'Building target: "rfWsnNode_CC1310_LAUNCHXL_tirtos_ccs.out"'
'Invoking: ARM Linker'
"C:/ti/ccsv7/tools/compiler/ti-cgt-arm_16.9.7.LTS/bin/armcl" -mv7M3 --code_state=16 --float_support=vfplib -me --define=DeviceFamily_CC13X0 --define=CCFG_FORCE_VDDR_HH=0 -g --diag_warning=225 --diag_warning=255 --diag_wrap=off --display_error_number --gen_func_subsections=on -z -m"rfWsnNode_CC1310_LAUNCHXL_tirtos_ccs.map" -i"C:/ti/ccsv7/tools/compiler/ti-cgt-arm_16.9.7.LTS/lib" -i"C:/ti/ccsv7/tools/compiler/ti-cgt-arm_16.9.7.LTS/include" --reread_libs --diag_wrap=off --display_error_number --warn_sections --xml_link_info="rfWsnNode_CC1310_LAUNCHXL_tirtos_ccs_linkInfo.xml" --rom_model -o "rfWsnNode_CC1310_LAUNCHXL_tirtos_ccs.out" "./CC1310_LAUNCHXL.obj" "./NodeRadioTask.obj" "./NodeTask.obj" "./SceAdc.obj" "./ccfg.obj" "./rfWsnNode.obj" "./easylink/EasyLink.obj" "./sce/scif.obj" "./sce/scif_framework.obj" "./sce/scif_osal_tirtos.obj" "./smartrf_settings/smartrf_settings.obj" "./smartrf_settings/smartrf_settings_predefined.obj" "../CC1310_LAUNCHXL_TIRTOS.cmd" -l"D:/GIT/01_WPGS/02_FW/01_WSM/14_EasyLinkWSM/tirtos_builds_CC1310_LAUNCHXL_release_ccs/Debug/configPkg/linker.cmd" -l"C:/ti/simplelink_cc13x0_sdk_1_60_00_21/source/ti/display/lib/display.aem3" -l"C:/ti/simplelink_cc13x0_sdk_1_60_00_21/source/ti/mw/lcd/lib/lcd.aem3" -l"C:/ti/simplelink_cc13x0_sdk_1_60_00_21/source/ti/grlib/lib/grlib.aem3" -l"C:/ti/simplelink_cc13x0_sdk_1_60_00_21/source/ti/drivers/rf/lib/rf_multiMode_cc13x0.aem3" -l"C:/ti/simplelink_cc13x0_sdk_1_60_00_21/source/ti/drivers/lib/drivers_cc13x0.aem3" -l"C:/ti/simplelink_cc13x0_sdk_1_60_00_21/source/ti/drivers/pdm/lib/pdm_cc13x0.aem3" -l"C:/ti/simplelink_cc13x0_sdk_1_60_00_21/kernel/tirtos/packages/ti/dpl/lib/dpl_cc13x0.aem3" -l"C:/ti/simplelink_cc13x0_sdk_1_60_00_21/source/ti/devices/cc13x0/driverlib/bin/ccs/driverlib.lib" -llibc.a 
<Linking>
'Finished building target: "rfWsnNode_CC1310_LAUNCHXL_tirtos_ccs.out"'
 

**** Build Finished ****

**** Build of configuration Debug for project tirtos_builds_CC1310_LAUNCHXL_release_ccs ****

"C:\\ti\\ccsv7\\utils\\bin\\gmake" -k -j 4 all -O 
 
making ../src/sysbios/rom_sysbios.aem3 ...
gmake[1]: Nothing to be done for 'all'.
gmake[1]: Nothing to be done for 'configPkg/linker.cmd'.
making ../src/sysbios/rom_sysbios.aem3 ...
gmake[2]: Nothing to be done for 'all'.

**** Build Finished ****

**** Build of configuration Debug for project rfWsnNode_CC1310_LAUNCHXL_tirtos_ccs ****

"C:\\ti\\ccsv7\\utils\\bin\\gmake" -k -j 4 all -O 
 
'Building file: "../NodeRadioTask.c"'
'Invoking: ARM Compiler'
"C:/ti/ccsv7/tools/compiler/ti-cgt-arm_16.9.7.LTS/bin/armcl" -mv7M3 --code_state=16 --float_support=vfplib -me --include_path="D:/GIT/01_WPGS/02_FW/01_WSM/14_EasyLinkWSM/rfWsnNode_CC1310_LAUNCHXL_tirtos_ccs" --include_path="C:/ti/simplelink_cc13x0_sdk_1_60_00_21/source/ti/posix/ccs" --include_path="C:/ti/ccsv7/tools/compiler/ti-cgt-arm_16.9.7.LTS/include" --define=DeviceFamily_CC13X0 --define=CCFG_FORCE_VDDR_HH=0 -g --diag_warning=225 --diag_warning=255 --diag_wrap=off --display_error_number --gen_func_subsections=on --preproc_with_compile --preproc_dependency="NodeRadioTask.d_raw" --cmd_file="D:/GIT/01_WPGS/02_FW/01_WSM/14_EasyLinkWSM/tirtos_builds_CC1310_LAUNCHXL_release_ccs/Debug/configPkg/compiler.opt" "../NodeRadioTask.c"

>> Compilation failure
subdir_rules.mk:16: recipe for target 'NodeRadioTask.obj' failed
"../NodeRadioTask.c", line 199: error #20: identifier "txPacket" is undefined
"../NodeRadioTask.c", line 228: warning #112-D: statement is unreachable
"../NodeRadioTask.c", line 353: error #20: identifier "RADIO_CONCENTRATOR_ADDRESS" is undefined
"../NodeRadioTask.c", line 416: error #148: declaration is incompatible with "void initsendPacket(void)" (declared at line 127)
"../NodeRadioTask.c", line 450: warning #121-D: return value type does not match the function type
"../NodeRadioTask.c", line 454: warning #121-D: return value type does not match the function type
"../NodeRadioTask.c", line 458: warning #121-D: return value type does not match the function type
"../NodeRadioTask.c", line 419: warning #552-D: variable "wlgmAddr" was set but never used
"../NodeRadioTask.c", line 416: warning #179-D: function "initsendPacket" was declared but never referenced
3 errors detected in the compilation of "../NodeRadioTask.c".
gmake: *** [NodeRadioTask.obj] Error 1
'Building file: "../easylink/EasyLink.c"'
'Invoking: ARM Compiler'
"C:/ti/ccsv7/tools/compiler/ti-cgt-arm_16.9.7.LTS/bin/armcl" -mv7M3 --code_state=16 --float_support=vfplib -me --include_path="D:/GIT/01_WPGS/02_FW/01_WSM/14_EasyLinkWSM/rfWsnNode_CC1310_LAUNCHXL_tirtos_ccs" --include_path="C:/ti/simplelink_cc13x0_sdk_1_60_00_21/source/ti/posix/ccs" --include_path="C:/ti/ccsv7/tools/compiler/ti-cgt-arm_16.9.7.LTS/include" --define=DeviceFamily_CC13X0 --define=CCFG_FORCE_VDDR_HH=0 -g --diag_warning=225 --diag_warning=255 --diag_wrap=off --display_error_number --gen_func_subsections=on --preproc_with_compile --preproc_dependency="easylink/EasyLink.d_raw" --obj_directory="easylink" --cmd_file="D:/GIT/01_WPGS/02_FW/01_WSM/14_EasyLinkWSM/tirtos_builds_CC1310_LAUNCHXL_release_ccs/Debug/configPkg/compiler.opt" "../easylink/EasyLink.c"
'Finished building: "../easylink/EasyLink.c"'
 
gmake: Target 'all' not remade because of errors.

**** Build Finished ****

**** Build of configuration Debug for project tirtos_builds_CC1310_LAUNCHXL_release_ccs ****

"C:\\ti\\ccsv7\\utils\\bin\\gmake" -k -j 4 all -O 
 
making ../src/sysbios/rom_sysbios.aem3 ...
gmake[1]: Nothing to be done for 'all'.
gmake[1]: Nothing to be done for 'configPkg/linker.cmd'.
making ../src/sysbios/rom_sysbios.aem3 ...
gmake[2]: Nothing to be done for 'all'.

**** Build Finished ****

**** Build of configuration Debug for project rfWsnNode_CC1310_LAUNCHXL_tirtos_ccs ****

"C:\\ti\\ccsv7\\utils\\bin\\gmake" -k -j 4 all -O 
 
'Building file: "../NodeRadioTask.c"'
'Invoking: ARM Compiler'
"C:/ti/ccsv7/tools/compiler/ti-cgt-arm_16.9.7.LTS/bin/armcl" -mv7M3 --code_state=16 --float_support=vfplib -me --include_path="D:/GIT/01_WPGS/02_FW/01_WSM/14_EasyLinkWSM/rfWsnNode_CC1310_LAUNCHXL_tirtos_ccs" --include_path="C:/ti/simplelink_cc13x0_sdk_1_60_00_21/source/ti/posix/ccs" --include_path="C:/ti/ccsv7/tools/compiler/ti-cgt-arm_16.9.7.LTS/include" --define=DeviceFamily_CC13X0 --define=CCFG_FORCE_VDDR_HH=0 -g --diag_warning=225 --diag_warning=255 --diag_wrap=off --display_error_number --gen_func_subsections=on --preproc_with_compile --preproc_dependency="NodeRadioTask.d_raw" --cmd_file="D:/GIT/01_WPGS/02_FW/01_WSM/14_EasyLinkWSM/tirtos_builds_CC1310_LAUNCHXL_release_ccs/Debug/configPkg/compiler.opt" "../NodeRadioTask.c"

>> Compilation failure
subdir_rules.mk:16: recipe for target 'NodeRadioTask.obj' failed
"../NodeRadioTask.c", line 199: error #42: expression must have arithmetic or pointer type
"../NodeRadioTask.c", line 356: error #20: identifier "RADIO_CONCENTRATOR_ADDRESS" is undefined
"../NodeRadioTask.c", line 453: warning #121-D: return value type does not match the function type
"../NodeRadioTask.c", line 457: warning #121-D: return value type does not match the function type
"../NodeRadioTask.c", line 461: warning #121-D: return value type does not match the function type
"../NodeRadioTask.c", line 422: warning #552-D: variable "wlgmAddr" was set but never used
2 errors detected in the compilation of "../NodeRadioTask.c".
gmake: *** [NodeRadioTask.obj] Error 1
gmake: Target 'all' not remade because of errors.

**** Build Finished ****

**** Build of configuration Debug for project tirtos_builds_CC1310_LAUNCHXL_release_ccs ****

"C:\\ti\\ccsv7\\utils\\bin\\gmake" -k -j 4 all -O 
 
making ../src/sysbios/rom_sysbios.aem3 ...
gmake[1]: Nothing to be done for 'all'.
gmake[1]: Nothing to be done for 'configPkg/linker.cmd'.
making ../src/sysbios/rom_sysbios.aem3 ...
gmake[2]: Nothing to be done for 'all'.

**** Build Finished ****

**** Build of configuration Debug for project rfWsnNode_CC1310_LAUNCHXL_tirtos_ccs ****

"C:\\ti\\ccsv7\\utils\\bin\\gmake" -k -j 4 all -O 
 
'Building file: "../NodeRadioTask.c"'
'Invoking: ARM Compiler'
"C:/ti/ccsv7/tools/compiler/ti-cgt-arm_16.9.7.LTS/bin/armcl" -mv7M3 --code_state=16 --float_support=vfplib -me --include_path="D:/GIT/01_WPGS/02_FW/01_WSM/14_EasyLinkWSM/rfWsnNode_CC1310_LAUNCHXL_tirtos_ccs" --include_path="C:/ti/simplelink_cc13x0_sdk_1_60_00_21/source/ti/posix/ccs" --include_path="C:/ti/ccsv7/tools/compiler/ti-cgt-arm_16.9.7.LTS/include" --define=DeviceFamily_CC13X0 --define=CCFG_FORCE_VDDR_HH=0 -g --diag_warning=225 --diag_warning=255 --diag_wrap=off --display_error_number --gen_func_subsections=on --preproc_with_compile --preproc_dependency="NodeRadioTask.d_raw" --cmd_file="D:/GIT/01_WPGS/02_FW/01_WSM/14_EasyLinkWSM/tirtos_builds_CC1310_LAUNCHXL_release_ccs/Debug/configPkg/compiler.opt" "../NodeRadioTask.c"

>> Compilation failure
subdir_rules.mk:16: recipe for target 'NodeRadioTask.obj' failed
"../NodeRadioTask.c", line 356: error #20: identifier "RADIO_CONCENTRATOR_ADDRESS" is undefined
"../NodeRadioTask.c", line 422: warning #552-D: variable "wlgmAddr" was set but never used
1 error detected in the compilation of "../NodeRadioTask.c".
gmake: *** [NodeRadioTask.obj] Error 1
gmake: Target 'all' not remade because of errors.

**** Build Finished ****

**** Build of configuration Debug for project tirtos_builds_CC1310_LAUNCHXL_release_ccs ****

"C:\\ti\\ccsv7\\utils\\bin\\gmake" -k -j 4 all -O 
 
making ../src/sysbios/rom_sysbios.aem3 ...
gmake[1]: Nothing to be done for 'all'.
gmake[1]: Nothing to be done for 'configPkg/linker.cmd'.
making ../src/sysbios/rom_sysbios.aem3 ...
gmake[2]: Nothing to be done for 'all'.

**** Build Finished ****

**** Build of configuration Debug for project rfWsnNode_CC1310_LAUNCHXL_tirtos_ccs ****

"C:\\ti\\ccsv7\\utils\\bin\\gmake" -k -j 4 all -O 
 
'Building file: "../NodeRadioTask.c"'
'Invoking: ARM Compiler'
"C:/ti/ccsv7/tools/compiler/ti-cgt-arm_16.9.7.LTS/bin/armcl" -mv7M3 --code_state=16 --float_support=vfplib -me --include_path="D:/GIT/01_WPGS/02_FW/01_WSM/14_EasyLinkWSM/rfWsnNode_CC1310_LAUNCHXL_tirtos_ccs" --include_path="C:/ti/simplelink_cc13x0_sdk_1_60_00_21/source/ti/posix/ccs" --include_path="C:/ti/ccsv7/tools/compiler/ti-cgt-arm_16.9.7.LTS/include" --define=DeviceFamily_CC13X0 --define=CCFG_FORCE_VDDR_HH=0 -g --diag_warning=225 --diag_warning=255 --diag_wrap=off --display_error_number --gen_func_subsections=on --preproc_with_compile --preproc_dependency="NodeRadioTask.d_raw" --cmd_file="D:/GIT/01_WPGS/02_FW/01_WSM/14_EasyLinkWSM/tirtos_builds_CC1310_LAUNCHXL_release_ccs/Debug/configPkg/compiler.opt" "../NodeRadioTask.c"
"../NodeRadioTask.c", line 422: warning #552-D: variable "wlgmAddr" was set but never used
'Finished building: "../NodeRadioTask.c"'
 
'Building target: "rfWsnNode_CC1310_LAUNCHXL_tirtos_ccs.out"'
'Invoking: ARM Linker'
"C:/ti/ccsv7/tools/compiler/ti-cgt-arm_16.9.7.LTS/bin/armcl" -mv7M3 --code_state=16 --float_support=vfplib -me --define=DeviceFamily_CC13X0 --define=CCFG_FORCE_VDDR_HH=0 -g --diag_warning=225 --diag_warning=255 --diag_wrap=off --display_error_number --gen_func_subsections=on -z -m"rfWsnNode_CC1310_LAUNCHXL_tirtos_ccs.map" -i"C:/ti/ccsv7/tools/compiler/ti-cgt-arm_16.9.7.LTS/lib" -i"C:/ti/ccsv7/tools/compiler/ti-cgt-arm_16.9.7.LTS/include" --reread_libs --diag_wrap=off --display_error_number --warn_sections --xml_link_info="rfWsnNode_CC1310_LAUNCHXL_tirtos_ccs_linkInfo.xml" --rom_model -o "rfWsnNode_CC1310_LAUNCHXL_tirtos_ccs.out" "./CC1310_LAUNCHXL.obj" "./NodeRadioTask.obj" "./NodeTask.obj" "./SceAdc.obj" "./ccfg.obj" "./rfWsnNode.obj" "./easylink/EasyLink.obj" "./sce/scif.obj" "./sce/scif_framework.obj" "./sce/scif_osal_tirtos.obj" "./smartrf_settings/smartrf_settings.obj" "./smartrf_settings/smartrf_settings_predefined.obj" "../CC1310_LAUNCHXL_TIRTOS.cmd" -l"D:/GIT/01_WPGS/02_FW/01_WSM/14_EasyLinkWSM/tirtos_builds_CC1310_LAUNCHXL_release_ccs/Debug/configPkg/linker.cmd" -l"C:/ti/simplelink_cc13x0_sdk_1_60_00_21/source/ti/display/lib/display.aem3" -l"C:/ti/simplelink_cc13x0_sdk_1_60_00_21/source/ti/mw/lcd/lib/lcd.aem3" -l"C:/ti/simplelink_cc13x0_sdk_1_60_00_21/source/ti/grlib/lib/grlib.aem3" -l"C:/ti/simplelink_cc13x0_sdk_1_60_00_21/source/ti/drivers/rf/lib/rf_multiMode_cc13x0.aem3" -l"C:/ti/simplelink_cc13x0_sdk_1_60_00_21/source/ti/drivers/lib/drivers_cc13x0.aem3" -l"C:/ti/simplelink_cc13x0_sdk_1_60_00_21/source/ti/drivers/pdm/lib/pdm_cc13x0.aem3" -l"C:/ti/simplelink_cc13x0_sdk_1_60_00_21/kernel/tirtos/packages/ti/dpl/lib/dpl_cc13x0.aem3" -l"C:/ti/simplelink_cc13x0_sdk_1_60_00_21/source/ti/devices/cc13x0/driverlib/bin/ccs/driverlib.lib" -llibc.a 
<Linking>
'Finished building target: "rfWsnNode_CC1310_LAUNCHXL_tirtos_ccs.out"'
 

**** Build Finished ****

**** Build of configuration Debug for project tirtos_builds_CC1310_LAUNCHXL_release_ccs ****

"C:\\ti\\ccsv7\\utils\\bin\\gmake" -k -j 4 all -O 
 
making ../src/sysbios/rom_sysbios.aem3 ...
gmake[1]: Nothing to be done for 'all'.
gmake[1]: Nothing to be done for 'configPkg/linker.cmd'.
making ../src/sysbios/rom_sysbios.aem3 ...
gmake[2]: Nothing to be done for 'all'.

**** Build Finished ****

**** Build of configuration Debug for project rfWsnNode_CC1310_LAUNCHXL_tirtos_ccs ****

"C:\\ti\\ccsv7\\utils\\bin\\gmake" -k -j 4 all -O 
 
'Building file: "../NodeTask.c"'
'Invoking: ARM Compiler'
"C:/ti/ccsv7/tools/compiler/ti-cgt-arm_16.9.7.LTS/bin/armcl" -mv7M3 --code_state=16 --float_support=vfplib -me --include_path="D:/GIT/01_WPGS/02_FW/01_WSM/14_EasyLinkWSM/rfWsnNode_CC1310_LAUNCHXL_tirtos_ccs" --include_path="C:/ti/simplelink_cc13x0_sdk_1_60_00_21/source/ti/posix/ccs" --include_path="C:/ti/ccsv7/tools/compiler/ti-cgt-arm_16.9.7.LTS/include" --define=DeviceFamily_CC13X0 --define=CCFG_FORCE_VDDR_HH=0 -g --diag_warning=225 --diag_warning=255 --diag_wrap=off --display_error_number --gen_func_subsections=on --preproc_with_compile --preproc_dependency="NodeTask.d_raw" --cmd_file="D:/GIT/01_WPGS/02_FW/01_WSM/14_EasyLinkWSM/tirtos_builds_CC1310_LAUNCHXL_release_ccs/Debug/configPkg/compiler.opt" "../NodeTask.c"
'Finished building: "../NodeTask.c"'
 
'Building file: "../NodeRadioTask.c"'
'Invoking: ARM Compiler'
"C:/ti/ccsv7/tools/compiler/ti-cgt-arm_16.9.7.LTS/bin/armcl" -mv7M3 --code_state=16 --float_support=vfplib -me --include_path="D:/GIT/01_WPGS/02_FW/01_WSM/14_EasyLinkWSM/rfWsnNode_CC1310_LAUNCHXL_tirtos_ccs" --include_path="C:/ti/simplelink_cc13x0_sdk_1_60_00_21/source/ti/posix/ccs" --include_path="C:/ti/ccsv7/tools/compiler/ti-cgt-arm_16.9.7.LTS/include" --define=DeviceFamily_CC13X0 --define=CCFG_FORCE_VDDR_HH=0 -g --diag_warning=225 --diag_warning=255 --diag_wrap=off --display_error_number --gen_func_subsections=on --preproc_with_compile --preproc_dependency="NodeRadioTask.d_raw" --cmd_file="D:/GIT/01_WPGS/02_FW/01_WSM/14_EasyLinkWSM/tirtos_builds_CC1310_LAUNCHXL_release_ccs/Debug/configPkg/compiler.opt" "../NodeRadioTask.c"
"../NodeRadioTask.c", line 445: warning #552-D: variable "wlgmAddr" was set but never used
'Finished building: "../NodeRadioTask.c"'
 
'Building file: "../rfWsnNode.c"'
'Invoking: ARM Compiler'
"C:/ti/ccsv7/tools/compiler/ti-cgt-arm_16.9.7.LTS/bin/armcl" -mv7M3 --code_state=16 --float_support=vfplib -me --include_path="D:/GIT/01_WPGS/02_FW/01_WSM/14_EasyLinkWSM/rfWsnNode_CC1310_LAUNCHXL_tirtos_ccs" --include_path="C:/ti/simplelink_cc13x0_sdk_1_60_00_21/source/ti/posix/ccs" --include_path="C:/ti/ccsv7/tools/compiler/ti-cgt-arm_16.9.7.LTS/include" --define=DeviceFamily_CC13X0 --define=CCFG_FORCE_VDDR_HH=0 -g --diag_warning=225 --diag_warning=255 --diag_wrap=off --display_error_number --gen_func_subsections=on --preproc_with_compile --preproc_dependency="rfWsnNode.d_raw" --cmd_file="D:/GIT/01_WPGS/02_FW/01_WSM/14_EasyLinkWSM/tirtos_builds_CC1310_LAUNCHXL_release_ccs/Debug/configPkg/compiler.opt" "../rfWsnNode.c"
'Finished building: "../rfWsnNode.c"'
 
'Building target: "rfWsnNode_CC1310_LAUNCHXL_tirtos_ccs.out"'
'Invoking: ARM Linker'
"C:/ti/ccsv7/tools/compiler/ti-cgt-arm_16.9.7.LTS/bin/armcl" -mv7M3 --code_state=16 --float_support=vfplib -me --define=DeviceFamily_CC13X0 --define=CCFG_FORCE_VDDR_HH=0 -g --diag_warning=225 --diag_warning=255 --diag_wrap=off --display_error_number --gen_func_subsections=on -z -m"rfWsnNode_CC1310_LAUNCHXL_tirtos_ccs.map" -i"C:/ti/ccsv7/tools/compiler/ti-cgt-arm_16.9.7.LTS/lib" -i"C:/ti/ccsv7/tools/compiler/ti-cgt-arm_16.9.7.LTS/include" --reread_libs --diag_wrap=off --display_error_number --warn_sections --xml_link_info="rfWsnNode_CC1310_LAUNCHXL_tirtos_ccs_linkInfo.xml" --rom_model -o "rfWsnNode_CC1310_LAUNCHXL_tirtos_ccs.out" "./CC1310_LAUNCHXL.obj" "./NodeRadioTask.obj" "./NodeTask.obj" "./SceAdc.obj" "./ccfg.obj" "./rfWsnNode.obj" "./easylink/EasyLink.obj" "./sce/scif.obj" "./sce/scif_framework.obj" "./sce/scif_osal_tirtos.obj" "./smartrf_settings/smartrf_settings.obj" "./smartrf_settings/smartrf_settings_predefined.obj" "../CC1310_LAUNCHXL_TIRTOS.cmd" -l"D:/GIT/01_WPGS/02_FW/01_WSM/14_EasyLinkWSM/tirtos_builds_CC1310_LAUNCHXL_release_ccs/Debug/configPkg/linker.cmd" -l"C:/ti/simplelink_cc13x0_sdk_1_60_00_21/source/ti/display/lib/display.aem3" -l"C:/ti/simplelink_cc13x0_sdk_1_60_00_21/source/ti/mw/lcd/lib/lcd.aem3" -l"C:/ti/simplelink_cc13x0_sdk_1_60_00_21/source/ti/grlib/lib/grlib.aem3" -l"C:/ti/simplelink_cc13x0_sdk_1_60_00_21/source/ti/drivers/rf/lib/rf_multiMode_cc13x0.aem3" -l"C:/ti/simplelink_cc13x0_sdk_1_60_00_21/source/ti/drivers/lib/drivers_cc13x0.aem3" -l"C:/ti/simplelink_cc13x0_sdk_1_60_00_21/source/ti/drivers/pdm/lib/pdm_cc13x0.aem3" -l"C:/ti/simplelink_cc13x0_sdk_1_60_00_21/kernel/tirtos/packages/ti/dpl/lib/dpl_cc13x0.aem3" -l"C:/ti/simplelink_cc13x0_sdk_1_60_00_21/source/ti/devices/cc13x0/driverlib/bin/ccs/driverlib.lib" -llibc.a 
<Linking>

 undefined    first referenced   
  symbol          in file        
 ---------    ----------------   
 ledPinHandle ./NodeRadioTask.obj

error #10234-D: unresolved symbols remain
error #10010: errors encountered during linking; "rfWsnNode_CC1310_LAUNCHXL_tirtos_ccs.out" not built

>> Compilation failure
makefile:171: recipe for target 'rfWsnNode_CC1310_LAUNCHXL_tirtos_ccs.out' failed
gmake[1]: *** [rfWsnNode_CC1310_LAUNCHXL_tirtos_ccs.out] Error 1
makefile:164: recipe for target 'all' failed
gmake: *** [all] Error 2

**** Build Finished ****

**** Build of configuration Debug for project tirtos_builds_CC1310_LAUNCHXL_release_ccs ****

"C:\\ti\\ccsv7\\utils\\bin\\gmake" -k -j 4 all -O 
 
making ../src/sysbios/rom_sysbios.aem3 ...
gmake[1]: Nothing to be done for 'all'.
gmake[1]: Nothing to be done for 'configPkg/linker.cmd'.
making ../src/sysbios/rom_sysbios.aem3 ...
gmake[2]: Nothing to be done for 'all'.

**** Build Finished ****

**** Build of configuration Debug for project rfWsnNode_CC1310_LAUNCHXL_tirtos_ccs ****

"C:\\ti\\ccsv7\\utils\\bin\\gmake" -k -j 4 all -O 
 
'Building file: "../NodeRadioTask.c"'
'Invoking: ARM Compiler'
"C:/ti/ccsv7/tools/compiler/ti-cgt-arm_16.9.7.LTS/bin/armcl" -mv7M3 --code_state=16 --float_support=vfplib -me --include_path="D:/GIT/01_WPGS/02_FW/01_WSM/14_EasyLinkWSM/rfWsnNode_CC1310_LAUNCHXL_tirtos_ccs" --include_path="C:/ti/simplelink_cc13x0_sdk_1_60_00_21/source/ti/posix/ccs" --include_path="C:/ti/ccsv7/tools/compiler/ti-cgt-arm_16.9.7.LTS/include" --define=DeviceFamily_CC13X0 --define=CCFG_FORCE_VDDR_HH=0 -g --diag_warning=225 --diag_warning=255 --diag_wrap=off --display_error_number --gen_func_subsections=on --preproc_with_compile --preproc_dependency="NodeRadioTask.d_raw" --cmd_file="D:/GIT/01_WPGS/02_FW/01_WSM/14_EasyLinkWSM/tirtos_builds_CC1310_LAUNCHXL_release_ccs/Debug/configPkg/compiler.opt" "../NodeRadioTask.c"

>> Compilation failure
subdir_rules.mk:16: recipe for target 'NodeRadioTask.obj' failed
"../NodeRadioTask.c", line 216: error #20: identifier "ledPinHandle" is undefined
"../NodeRadioTask.c", line 445: warning #552-D: variable "wlgmAddr" was set but never used
1 error detected in the compilation of "../NodeRadioTask.c".
gmake: *** [NodeRadioTask.obj] Error 1
gmake: Target 'all' not remade because of errors.

**** Build Finished ****

**** Build of configuration Debug for project tirtos_builds_CC1310_LAUNCHXL_release_ccs ****

"C:\\ti\\ccsv7\\utils\\bin\\gmake" -k -j 4 all -O 
 
making ../src/sysbios/rom_sysbios.aem3 ...
gmake[1]: Nothing to be done for 'all'.
gmake[1]: Nothing to be done for 'configPkg/linker.cmd'.
making ../src/sysbios/rom_sysbios.aem3 ...
gmake[2]: Nothing to be done for 'all'.

**** Build Finished ****

**** Build of configuration Debug for project rfWsnNode_CC1310_LAUNCHXL_tirtos_ccs ****

"C:\\ti\\ccsv7\\utils\\bin\\gmake" -k -j 4 all -O 
 
'Building file: "../NodeRadioTask.c"'
'Invoking: ARM Compiler'
"C:/ti/ccsv7/tools/compiler/ti-cgt-arm_16.9.7.LTS/bin/armcl" -mv7M3 --code_state=16 --float_support=vfplib -me --include_path="D:/GIT/01_WPGS/02_FW/01_WSM/14_EasyLinkWSM/rfWsnNode_CC1310_LAUNCHXL_tirtos_ccs" --include_path="C:/ti/simplelink_cc13x0_sdk_1_60_00_21/source/ti/posix/ccs" --include_path="C:/ti/ccsv7/tools/compiler/ti-cgt-arm_16.9.7.LTS/include" --define=DeviceFamily_CC13X0 --define=CCFG_FORCE_VDDR_HH=0 -g --diag_warning=225 --diag_warning=255 --diag_wrap=off --display_error_number --gen_func_subsections=on --preproc_with_compile --preproc_dependency="NodeRadioTask.d_raw" --cmd_file="D:/GIT/01_WPGS/02_FW/01_WSM/14_EasyLinkWSM/tirtos_builds_CC1310_LAUNCHXL_release_ccs/Debug/configPkg/compiler.opt" "../NodeRadioTask.c"
"../NodeRadioTask.c", line 445: warning #552-D: variable "wlgmAddr" was set but never used
'Finished building: "../NodeRadioTask.c"'
 
'Building target: "rfWsnNode_CC1310_LAUNCHXL_tirtos_ccs.out"'
'Invoking: ARM Linker'
"C:/ti/ccsv7/tools/compiler/ti-cgt-arm_16.9.7.LTS/bin/armcl" -mv7M3 --code_state=16 --float_support=vfplib -me --define=DeviceFamily_CC13X0 --define=CCFG_FORCE_VDDR_HH=0 -g --diag_warning=225 --diag_warning=255 --diag_wrap=off --display_error_number --gen_func_subsections=on -z -m"rfWsnNode_CC1310_LAUNCHXL_tirtos_ccs.map" -i"C:/ti/ccsv7/tools/compiler/ti-cgt-arm_16.9.7.LTS/lib" -i"C:/ti/ccsv7/tools/compiler/ti-cgt-arm_16.9.7.LTS/include" --reread_libs --diag_wrap=off --display_error_number --warn_sections --xml_link_info="rfWsnNode_CC1310_LAUNCHXL_tirtos_ccs_linkInfo.xml" --rom_model -o "rfWsnNode_CC1310_LAUNCHXL_tirtos_ccs.out" "./CC1310_LAUNCHXL.obj" "./NodeRadioTask.obj" "./NodeTask.obj" "./SceAdc.obj" "./ccfg.obj" "./rfWsnNode.obj" "./easylink/EasyLink.obj" "./sce/scif.obj" "./sce/scif_framework.obj" "./sce/scif_osal_tirtos.obj" "./smartrf_settings/smartrf_settings.obj" "./smartrf_settings/smartrf_settings_predefined.obj" "../CC1310_LAUNCHXL_TIRTOS.cmd" -l"D:/GIT/01_WPGS/02_FW/01_WSM/14_EasyLinkWSM/tirtos_builds_CC1310_LAUNCHXL_release_ccs/Debug/configPkg/linker.cmd" -l"C:/ti/simplelink_cc13x0_sdk_1_60_00_21/source/ti/display/lib/display.aem3" -l"C:/ti/simplelink_cc13x0_sdk_1_60_00_21/source/ti/mw/lcd/lib/lcd.aem3" -l"C:/ti/simplelink_cc13x0_sdk_1_60_00_21/source/ti/grlib/lib/grlib.aem3" -l"C:/ti/simplelink_cc13x0_sdk_1_60_00_21/source/ti/drivers/rf/lib/rf_multiMode_cc13x0.aem3" -l"C:/ti/simplelink_cc13x0_sdk_1_60_00_21/source/ti/drivers/lib/drivers_cc13x0.aem3" -l"C:/ti/simplelink_cc13x0_sdk_1_60_00_21/source/ti/drivers/pdm/lib/pdm_cc13x0.aem3" -l"C:/ti/simplelink_cc13x0_sdk_1_60_00_21/kernel/tirtos/packages/ti/dpl/lib/dpl_cc13x0.aem3" -l"C:/ti/simplelink_cc13x0_sdk_1_60_00_21/source/ti/devices/cc13x0/driverlib/bin/ccs/driverlib.lib" -llibc.a 
<Linking>
'Finished building target: "rfWsnNode_CC1310_LAUNCHXL_tirtos_ccs.out"'
 

**** Build Finished ****

**** Build of configuration Debug for project tirtos_builds_CC1310_LAUNCHXL_release_ccs ****

"C:\\ti\\ccsv7\\utils\\bin\\gmake" -k -j 4 all -O 
 
making ../src/sysbios/rom_sysbios.aem3 ...
gmake[1]: Nothing to be done for 'all'.
gmake[1]: Nothing to be done for 'configPkg/linker.cmd'.
making ../src/sysbios/rom_sysbios.aem3 ...
gmake[2]: Nothing to be done for 'all'.

**** Build Finished ****

**** Build of configuration Debug for project tirtos_builds_CC1310_LAUNCHXL_release_ccs ****

"C:\\ti\\ccsv7\\utils\\bin\\gmake" -k -j 4 all -O 
 
making ../src/sysbios/rom_sysbios.aem3 ...
gmake[1]: Nothing to be done for 'all'.
gmake[1]: Nothing to be done for 'configPkg/linker.cmd'.
making ../src/sysbios/rom_sysbios.aem3 ...
gmake[2]: Nothing to be done for 'all'.

**** Build Finished ****

**** Build of configuration Debug for project rfWsnNode_CC1310_LAUNCHXL_tirtos_ccs ****

"C:\\ti\\ccsv7\\utils\\bin\\gmake" -k -j 4 all -O 
 
gmake[1]: 'rfWsnNode_CC1310_LAUNCHXL_tirtos_ccs.out' is up to date.

**** Build Finished ****

**** Build of configuration Debug for project tirtos_builds_CC1310_LAUNCHXL_release_ccs ****

"C:\\ti\\ccsv7\\utils\\bin\\gmake" -k -j 4 all -O 
 
making ../src/sysbios/rom_sysbios.aem3 ...
gmake[1]: Nothing to be done for 'all'.
gmake[1]: Nothing to be done for 'configPkg/linker.cmd'.
making ../src/sysbios/rom_sysbios.aem3 ...
gmake[2]: Nothing to be done for 'all'.

**** Build Finished ****

**** Build of configuration Debug for project tirtos_builds_CC1310_LAUNCHXL_release_ccs ****

"C:\\ti\\ccsv7\\utils\\bin\\gmake" -k -j 4 all -O 
 
making ../src/sysbios/rom_sysbios.aem3 ...
gmake[1]: Nothing to be done for 'all'.
gmake[1]: Nothing to be done for 'configPkg/linker.cmd'.
making ../src/sysbios/rom_sysbios.aem3 ...
gmake[2]: Nothing to be done for 'all'.

**** Build Finished ****

**** Build of configuration Debug for project rfWsnNode_CC1310_LAUNCHXL_tirtos_ccs ****

"C:\\ti\\ccsv7\\utils\\bin\\gmake" -k -j 4 all -O 
 
gmake[1]: 'rfWsnNode_CC1310_LAUNCHXL_tirtos_ccs.out' is up to date.

**** Build Finished ****

**** Build of configuration Debug for project tirtos_builds_CC1310_LAUNCHXL_release_ccs ****

"C:\\ti\\ccsv7\\utils\\bin\\gmake" -k -j 4 all -O 
 
making ../src/sysbios/rom_sysbios.aem3 ...
gmake[1]: Nothing to be done for 'all'.
gmake[1]: Nothing to be done for 'configPkg/linker.cmd'.
making ../src/sysbios/rom_sysbios.aem3 ...
gmake[2]: Nothing to be done for 'all'.

**** Build Finished ****

**** Build of configuration Debug for project rfWsnNode_CC1310_LAUNCHXL_tirtos_ccs ****

"C:\\ti\\ccsv7\\utils\\bin\\gmake" -k -j 4 all -O 
 
'Building file: "../NodeRadioTask.c"'
'Invoking: ARM Compiler'
"C:/ti/ccsv7/tools/compiler/ti-cgt-arm_16.9.7.LTS/bin/armcl" -mv7M3 --code_state=16 --float_support=vfplib -me --include_path="D:/GIT/01_WPGS/02_FW/01_WSM/14_EasyLinkWSM/rfWsnNode_CC1310_LAUNCHXL_tirtos_ccs" --include_path="C:/ti/simplelink_cc13x0_sdk_1_60_00_21/source/ti/posix/ccs" --include_path="C:/ti/ccsv7/tools/compiler/ti-cgt-arm_16.9.7.LTS/include" --define=DeviceFamily_CC13X0 --define=CCFG_FORCE_VDDR_HH=0 -g --diag_warning=225 --diag_warning=255 --diag_wrap=off --display_error_number --gen_func_subsections=on --preproc_with_compile --preproc_dependency="NodeRadioTask.d_raw" --cmd_file="D:/GIT/01_WPGS/02_FW/01_WSM/14_EasyLinkWSM/tirtos_builds_CC1310_LAUNCHXL_release_ccs/Debug/configPkg/compiler.opt" "../NodeRadioTask.c"
"../NodeRadioTask.c", line 445: warning #552-D: variable "wlgmAddr" was set but never used
'Finished building: "../NodeRadioTask.c"'
 
'Building target: "rfWsnNode_CC1310_LAUNCHXL_tirtos_ccs.out"'
'Invoking: ARM Linker'
"C:/ti/ccsv7/tools/compiler/ti-cgt-arm_16.9.7.LTS/bin/armcl" -mv7M3 --code_state=16 --float_support=vfplib -me --define=DeviceFamily_CC13X0 --define=CCFG_FORCE_VDDR_HH=0 -g --diag_warning=225 --diag_warning=255 --diag_wrap=off --display_error_number --gen_func_subsections=on -z -m"rfWsnNode_CC1310_LAUNCHXL_tirtos_ccs.map" -i"C:/ti/ccsv7/tools/compiler/ti-cgt-arm_16.9.7.LTS/lib" -i"C:/ti/ccsv7/tools/compiler/ti-cgt-arm_16.9.7.LTS/include" --reread_libs --diag_wrap=off --display_error_number --warn_sections --xml_link_info="rfWsnNode_CC1310_LAUNCHXL_tirtos_ccs_linkInfo.xml" --rom_model -o "rfWsnNode_CC1310_LAUNCHXL_tirtos_ccs.out" "./CC1310_LAUNCHXL.obj" "./NodeRadioTask.obj" "./NodeTask.obj" "./SceAdc.obj" "./ccfg.obj" "./rfWsnNode.obj" "./easylink/EasyLink.obj" "./sce/scif.obj" "./sce/scif_framework.obj" "./sce/scif_osal_tirtos.obj" "./smartrf_settings/smartrf_settings.obj" "./smartrf_settings/smartrf_settings_predefined.obj" "../CC1310_LAUNCHXL_TIRTOS.cmd" -l"D:/GIT/01_WPGS/02_FW/01_WSM/14_EasyLinkWSM/tirtos_builds_CC1310_LAUNCHXL_release_ccs/Debug/configPkg/linker.cmd" -l"C:/ti/simplelink_cc13x0_sdk_1_60_00_21/source/ti/display/lib/display.aem3" -l"C:/ti/simplelink_cc13x0_sdk_1_60_00_21/source/ti/mw/lcd/lib/lcd.aem3" -l"C:/ti/simplelink_cc13x0_sdk_1_60_00_21/source/ti/grlib/lib/grlib.aem3" -l"C:/ti/simplelink_cc13x0_sdk_1_60_00_21/source/ti/drivers/rf/lib/rf_multiMode_cc13x0.aem3" -l"C:/ti/simplelink_cc13x0_sdk_1_60_00_21/source/ti/drivers/lib/drivers_cc13x0.aem3" -l"C:/ti/simplelink_cc13x0_sdk_1_60_00_21/source/ti/drivers/pdm/lib/pdm_cc13x0.aem3" -l"C:/ti/simplelink_cc13x0_sdk_1_60_00_21/kernel/tirtos/packages/ti/dpl/lib/dpl_cc13x0.aem3" -l"C:/ti/simplelink_cc13x0_sdk_1_60_00_21/source/ti/devices/cc13x0/driverlib/bin/ccs/driverlib.lib" -llibc.a 
<Linking>
'Finished building target: "rfWsnNode_CC1310_LAUNCHXL_tirtos_ccs.out"'
 

**** Build Finished ****

**** Build of configuration Debug for project tirtos_builds_CC1310_LAUNCHXL_release_ccs ****

"C:\\ti\\ccsv7\\utils\\bin\\gmake" -k -j 4 all -O 
 
making ../src/sysbios/rom_sysbios.aem3 ...
gmake[1]: Nothing to be done for 'all'.
gmake[1]: Nothing to be done for 'configPkg/linker.cmd'.
making ../src/sysbios/rom_sysbios.aem3 ...
gmake[2]: Nothing to be done for 'all'.

**** Build Finished ****

**** Build of configuration Debug for project rfWsnNode_CC1310_LAUNCHXL_tirtos_ccs ****

"C:\\ti\\ccsv7\\utils\\bin\\gmake" -k -j 4 all -O 
 
'Building file: "../NodeRadioTask.c"'
'Invoking: ARM Compiler'
"C:/ti/ccsv7/tools/compiler/ti-cgt-arm_16.9.7.LTS/bin/armcl" -mv7M3 --code_state=16 --float_support=vfplib -me --include_path="D:/GIT/01_WPGS/02_FW/01_WSM/14_EasyLinkWSM/rfWsnNode_CC1310_LAUNCHXL_tirtos_ccs" --include_path="C:/ti/simplelink_cc13x0_sdk_1_60_00_21/source/ti/posix/ccs" --include_path="C:/ti/ccsv7/tools/compiler/ti-cgt-arm_16.9.7.LTS/include" --define=DeviceFamily_CC13X0 --define=CCFG_FORCE_VDDR_HH=0 -g --diag_warning=225 --diag_warning=255 --diag_wrap=off --display_error_number --gen_func_subsections=on --preproc_with_compile --preproc_dependency="NodeRadioTask.d_raw" --cmd_file="D:/GIT/01_WPGS/02_FW/01_WSM/14_EasyLinkWSM/tirtos_builds_CC1310_LAUNCHXL_release_ccs/Debug/configPkg/compiler.opt" "../NodeRadioTask.c"
"../NodeRadioTask.c", line 445: warning #552-D: variable "wlgmAddr" was set but never used
"../NodeRadioTask.c", line 88: warning #179-D: variable "ledPinHandle_init" was declared but never referenced
"../NodeRadioTask.c", line 89: warning #179-D: variable "ledPinState_init" was declared but never referenced
"../NodeRadioTask.c", line 442: warning #179-D: function "initsendPacket" was declared but never referenced
'Finished building: "../NodeRadioTask.c"'
 
'Building target: "rfWsnNode_CC1310_LAUNCHXL_tirtos_ccs.out"'
'Invoking: ARM Linker'
"C:/ti/ccsv7/tools/compiler/ti-cgt-arm_16.9.7.LTS/bin/armcl" -mv7M3 --code_state=16 --float_support=vfplib -me --define=DeviceFamily_CC13X0 --define=CCFG_FORCE_VDDR_HH=0 -g --diag_warning=225 --diag_warning=255 --diag_wrap=off --display_error_number --gen_func_subsections=on -z -m"rfWsnNode_CC1310_LAUNCHXL_tirtos_ccs.map" -i"C:/ti/ccsv7/tools/compiler/ti-cgt-arm_16.9.7.LTS/lib" -i"C:/ti/ccsv7/tools/compiler/ti-cgt-arm_16.9.7.LTS/include" --reread_libs --diag_wrap=off --display_error_number --warn_sections --xml_link_info="rfWsnNode_CC1310_LAUNCHXL_tirtos_ccs_linkInfo.xml" --rom_model -o "rfWsnNode_CC1310_LAUNCHXL_tirtos_ccs.out" "./CC1310_LAUNCHXL.obj" "./NodeRadioTask.obj" "./NodeTask.obj" "./SceAdc.obj" "./ccfg.obj" "./rfWsnNode.obj" "./easylink/EasyLink.obj" "./sce/scif.obj" "./sce/scif_framework.obj" "./sce/scif_osal_tirtos.obj" "./smartrf_settings/smartrf_settings.obj" "./smartrf_settings/smartrf_settings_predefined.obj" "../CC1310_LAUNCHXL_TIRTOS.cmd" -l"D:/GIT/01_WPGS/02_FW/01_WSM/14_EasyLinkWSM/tirtos_builds_CC1310_LAUNCHXL_release_ccs/Debug/configPkg/linker.cmd" -l"C:/ti/simplelink_cc13x0_sdk_1_60_00_21/source/ti/display/lib/display.aem3" -l"C:/ti/simplelink_cc13x0_sdk_1_60_00_21/source/ti/mw/lcd/lib/lcd.aem3" -l"C:/ti/simplelink_cc13x0_sdk_1_60_00_21/source/ti/grlib/lib/grlib.aem3" -l"C:/ti/simplelink_cc13x0_sdk_1_60_00_21/source/ti/drivers/rf/lib/rf_multiMode_cc13x0.aem3" -l"C:/ti/simplelink_cc13x0_sdk_1_60_00_21/source/ti/drivers/lib/drivers_cc13x0.aem3" -l"C:/ti/simplelink_cc13x0_sdk_1_60_00_21/source/ti/drivers/pdm/lib/pdm_cc13x0.aem3" -l"C:/ti/simplelink_cc13x0_sdk_1_60_00_21/kernel/tirtos/packages/ti/dpl/lib/dpl_cc13x0.aem3" -l"C:/ti/simplelink_cc13x0_sdk_1_60_00_21/source/ti/devices/cc13x0/driverlib/bin/ccs/driverlib.lib" -llibc.a 
<Linking>
'Finished building target: "rfWsnNode_CC1310_LAUNCHXL_tirtos_ccs.out"'
 

**** Build Finished ****

**** Build of configuration Debug for project tirtos_builds_CC1310_LAUNCHXL_release_ccs ****

"C:\\ti\\ccsv7\\utils\\bin\\gmake" -k -j 4 all -O 
 
making ../src/sysbios/rom_sysbios.aem3 ...
gmake[1]: Nothing to be done for 'all'.
gmake[1]: Nothing to be done for 'configPkg/linker.cmd'.
making ../src/sysbios/rom_sysbios.aem3 ...
gmake[2]: Nothing to be done for 'all'.

**** Build Finished ****

**** Build of configuration Debug for project tirtos_builds_CC1310_LAUNCHXL_release_ccs ****

"C:\\ti\\ccsv7\\utils\\bin\\gmake" -k -j 4 all -O 
 
making ../src/sysbios/rom_sysbios.aem3 ...
gmake[1]: Nothing to be done for 'all'.
gmake[1]: Nothing to be done for 'configPkg/linker.cmd'.
making ../src/sysbios/rom_sysbios.aem3 ...
gmake[2]: Nothing to be done for 'all'.

**** Build Finished ****

**** Build of configuration Debug for project rfWsnNode_CC1310_LAUNCHXL_tirtos_ccs ****

"C:\\ti\\ccsv7\\utils\\bin\\gmake" -k -j 4 all -O 
 
gmake[1]: 'rfWsnNode_CC1310_LAUNCHXL_tirtos_ccs.out' is up to date.

**** Build Finished ****

**** Build of configuration Debug for project tirtos_builds_CC1310_LAUNCHXL_release_ccs ****

"C:\\ti\\ccsv7\\utils\\bin\\gmake" -k -j 4 all -O 
 
making ../src/sysbios/rom_sysbios.aem3 ...
gmake[1]: Nothing to be done for 'all'.
gmake[1]: Nothing to be done for 'configPkg/linker.cmd'.
making ../src/sysbios/rom_sysbios.aem3 ...
gmake[2]: Nothing to be done for 'all'.

**** Build Finished ****

**** Build of configuration Debug for project rfWsnNode_CC1310_LAUNCHXL_tirtos_ccs ****

"C:\\ti\\ccsv7\\utils\\bin\\gmake" -k -j 4 all -O 
 
'Building file: "../NodeRadioTask.c"'
'Invoking: ARM Compiler'
"C:/ti/ccsv7/tools/compiler/ti-cgt-arm_16.9.7.LTS/bin/armcl" -mv7M3 --code_state=16 --float_support=vfplib -me --include_path="D:/GIT/01_WPGS/02_FW/01_WSM/14_EasyLinkWSM/rfWsnNode_CC1310_LAUNCHXL_tirtos_ccs" --include_path="C:/ti/simplelink_cc13x0_sdk_1_60_00_21/source/ti/posix/ccs" --include_path="C:/ti/ccsv7/tools/compiler/ti-cgt-arm_16.9.7.LTS/include" --define=DeviceFamily_CC13X0 --define=CCFG_FORCE_VDDR_HH=0 -g --diag_warning=225 --diag_warning=255 --diag_wrap=off --display_error_number --gen_func_subsections=on --preproc_with_compile --preproc_dependency="NodeRadioTask.d_raw" --cmd_file="D:/GIT/01_WPGS/02_FW/01_WSM/14_EasyLinkWSM/tirtos_builds_CC1310_LAUNCHXL_release_ccs/Debug/configPkg/compiler.opt" "../NodeRadioTask.c"
"../NodeRadioTask.c", line 445: warning #552-D: variable "wlgmAddr" was set but never used
'Finished building: "../NodeRadioTask.c"'
 
'Building target: "rfWsnNode_CC1310_LAUNCHXL_tirtos_ccs.out"'
'Invoking: ARM Linker'
"C:/ti/ccsv7/tools/compiler/ti-cgt-arm_16.9.7.LTS/bin/armcl" -mv7M3 --code_state=16 --float_support=vfplib -me --define=DeviceFamily_CC13X0 --define=CCFG_FORCE_VDDR_HH=0 -g --diag_warning=225 --diag_warning=255 --diag_wrap=off --display_error_number --gen_func_subsections=on -z -m"rfWsnNode_CC1310_LAUNCHXL_tirtos_ccs.map" -i"C:/ti/ccsv7/tools/compiler/ti-cgt-arm_16.9.7.LTS/lib" -i"C:/ti/ccsv7/tools/compiler/ti-cgt-arm_16.9.7.LTS/include" --reread_libs --diag_wrap=off --display_error_number --warn_sections --xml_link_info="rfWsnNode_CC1310_LAUNCHXL_tirtos_ccs_linkInfo.xml" --rom_model -o "rfWsnNode_CC1310_LAUNCHXL_tirtos_ccs.out" "./CC1310_LAUNCHXL.obj" "./NodeRadioTask.obj" "./NodeTask.obj" "./SceAdc.obj" "./ccfg.obj" "./rfWsnNode.obj" "./easylink/EasyLink.obj" "./sce/scif.obj" "./sce/scif_framework.obj" "./sce/scif_osal_tirtos.obj" "./smartrf_settings/smartrf_settings.obj" "./smartrf_settings/smartrf_settings_predefined.obj" "../CC1310_LAUNCHXL_TIRTOS.cmd" -l"D:/GIT/01_WPGS/02_FW/01_WSM/14_EasyLinkWSM/tirtos_builds_CC1310_LAUNCHXL_release_ccs/Debug/configPkg/linker.cmd" -l"C:/ti/simplelink_cc13x0_sdk_1_60_00_21/source/ti/display/lib/display.aem3" -l"C:/ti/simplelink_cc13x0_sdk_1_60_00_21/source/ti/mw/lcd/lib/lcd.aem3" -l"C:/ti/simplelink_cc13x0_sdk_1_60_00_21/source/ti/grlib/lib/grlib.aem3" -l"C:/ti/simplelink_cc13x0_sdk_1_60_00_21/source/ti/drivers/rf/lib/rf_multiMode_cc13x0.aem3" -l"C:/ti/simplelink_cc13x0_sdk_1_60_00_21/source/ti/drivers/lib/drivers_cc13x0.aem3" -l"C:/ti/simplelink_cc13x0_sdk_1_60_00_21/source/ti/drivers/pdm/lib/pdm_cc13x0.aem3" -l"C:/ti/simplelink_cc13x0_sdk_1_60_00_21/kernel/tirtos/packages/ti/dpl/lib/dpl_cc13x0.aem3" -l"C:/ti/simplelink_cc13x0_sdk_1_60_00_21/source/ti/devices/cc13x0/driverlib/bin/ccs/driverlib.lib" -llibc.a 
<Linking>
'Finished building target: "rfWsnNode_CC1310_LAUNCHXL_tirtos_ccs.out"'
 

**** Build Finished ****

**** Build of configuration Debug for project tirtos_builds_CC1310_LAUNCHXL_release_ccs ****

"C:\\ti\\ccsv7\\utils\\bin\\gmake" -k -j 4 all -O 
 
making ../src/sysbios/rom_sysbios.aem3 ...
gmake[1]: Nothing to be done for 'all'.
gmake[1]: Nothing to be done for 'configPkg/linker.cmd'.
making ../src/sysbios/rom_sysbios.aem3 ...
gmake[2]: Nothing to be done for 'all'.

**** Build Finished ****

**** Build of configuration Debug for project tirtos_builds_CC1310_LAUNCHXL_release_ccs ****

"C:\\ti\\ccsv7\\utils\\bin\\gmake" -k -j 4 all -O 
 
making ../src/sysbios/rom_sysbios.aem3 ...
gmake[1]: Nothing to be done for 'all'.
gmake[1]: Nothing to be done for 'configPkg/linker.cmd'.
making ../src/sysbios/rom_sysbios.aem3 ...
gmake[2]: Nothing to be done for 'all'.

**** Build Finished ****

**** Build of configuration Debug for project rfWsnNode_CC1310_LAUNCHXL_tirtos_ccs ****

"C:\\ti\\ccsv7\\utils\\bin\\gmake" -k -j 4 all -O 
 
gmake[1]: 'rfWsnNode_CC1310_LAUNCHXL_tirtos_ccs.out' is up to date.

**** Build Finished ****

**** Build of configuration Debug for project tirtos_builds_CC1310_LAUNCHXL_release_ccs ****

"C:\\ti\\ccsv7\\utils\\bin\\gmake" -k -j 4 all -O 
 
making ../src/sysbios/rom_sysbios.aem3 ...
gmake[1]: Nothing to be done for 'all'.
gmake[1]: Nothing to be done for 'configPkg/linker.cmd'.
making ../src/sysbios/rom_sysbios.aem3 ...
gmake[2]: Nothing to be done for 'all'.

**** Build Finished ****

**** Build of configuration Debug for project tirtos_builds_CC1310_LAUNCHXL_release_ccs ****

"C:\\ti\\ccsv7\\utils\\bin\\gmake" -k -j 4 all -O 
 
making ../src/sysbios/rom_sysbios.aem3 ...
gmake[1]: Nothing to be done for 'all'.
gmake[1]: Nothing to be done for 'configPkg/linker.cmd'.
making ../src/sysbios/rom_sysbios.aem3 ...
gmake[2]: Nothing to be done for 'all'.

**** Build Finished ****

**** Build of configuration Debug for project rfWsnNode_CC1310_LAUNCHXL_tirtos_ccs ****

"C:\\ti\\ccsv7\\utils\\bin\\gmake" -k -j 4 all -O 
 
gmake[1]: 'rfWsnNode_CC1310_LAUNCHXL_tirtos_ccs.out' is up to date.

**** Build Finished ****

**** Build of configuration Debug for project tirtos_builds_CC1310_LAUNCHXL_release_ccs ****

"C:\\ti\\ccsv7\\utils\\bin\\gmake" -k -j 4 all -O 
 
making ../src/sysbios/rom_sysbios.aem3 ...
gmake[1]: Nothing to be done for 'all'.
gmake[1]: Nothing to be done for 'configPkg/linker.cmd'.
making ../src/sysbios/rom_sysbios.aem3 ...
gmake[2]: Nothing to be done for 'all'.

**** Build Finished ****

**** Build of configuration Debug for project tirtos_builds_CC1310_LAUNCHXL_release_ccs ****

"C:\\ti\\ccsv7\\utils\\bin\\gmake" -k -j 4 all -O 
 
making ../src/sysbios/rom_sysbios.aem3 ...
gmake[1]: Nothing to be done for 'all'.
gmake[1]: Nothing to be done for 'configPkg/linker.cmd'.
making ../src/sysbios/rom_sysbios.aem3 ...
gmake[2]: Nothing to be done for 'all'.

**** Build Finished ****

**** Build of configuration Debug for project rfWsnNode_CC1310_LAUNCHXL_tirtos_ccs ****

"C:\\ti\\ccsv7\\utils\\bin\\gmake" -k -j 4 all -O 
 
gmake[1]: 'rfWsnNode_CC1310_LAUNCHXL_tirtos_ccs.out' is up to date.

**** Build Finished ****

**** Build of configuration Debug for project tirtos_builds_CC1310_LAUNCHXL_release_ccs ****

"C:\\ti\\ccsv7\\utils\\bin\\gmake" -k -j 4 all -O 
 
making ../src/sysbios/rom_sysbios.aem3 ...
gmake[1]: Nothing to be done for 'all'.
gmake[1]: Nothing to be done for 'configPkg/linker.cmd'.
making ../src/sysbios/rom_sysbios.aem3 ...
gmake[2]: Nothing to be done for 'all'.

**** Build Finished ****

**** Build of configuration Debug for project tirtos_builds_CC1310_LAUNCHXL_release_ccs ****

"C:\\ti\\ccsv7\\utils\\bin\\gmake" -k -j 4 all -O 
 
making ../src/sysbios/rom_sysbios.aem3 ...
gmake[1]: Nothing to be done for 'all'.
gmake[1]: Nothing to be done for 'configPkg/linker.cmd'.
making ../src/sysbios/rom_sysbios.aem3 ...
gmake[2]: Nothing to be done for 'all'.

**** Build Finished ****

**** Build of configuration Debug for project rfWsnNode_CC1310_LAUNCHXL_tirtos_ccs ****

"C:\\ti\\ccsv7\\utils\\bin\\gmake" -k -j 4 all -O 
 
gmake[1]: 'rfWsnNode_CC1310_LAUNCHXL_tirtos_ccs.out' is up to date.

**** Build Finished ****

**** Build of configuration Debug for project tirtos_builds_CC1310_LAUNCHXL_release_ccs ****

"C:\\ti\\ccsv7\\utils\\bin\\gmake" -k -j 4 all -O 
 
making ../src/sysbios/rom_sysbios.aem3 ...
gmake[1]: Nothing to be done for 'all'.
gmake[1]: Nothing to be done for 'configPkg/linker.cmd'.
making ../src/sysbios/rom_sysbios.aem3 ...
gmake[2]: Nothing to be done for 'all'.

**** Build Finished ****

**** Build of configuration Debug for project tirtos_builds_CC1310_LAUNCHXL_release_ccs ****

"C:\\ti\\ccsv7\\utils\\bin\\gmake" -k -j 4 all -O 
 
making ../src/sysbios/rom_sysbios.aem3 ...
gmake[1]: Nothing to be done for 'all'.
gmake[1]: Nothing to be done for 'configPkg/linker.cmd'.
making ../src/sysbios/rom_sysbios.aem3 ...
gmake[2]: Nothing to be done for 'all'.

**** Build Finished ****

**** Build of configuration Debug for project rfWsnNode_CC1310_LAUNCHXL_tirtos_ccs ****

"C:\\ti\\ccsv7\\utils\\bin\\gmake" -k -j 4 all -O 
 
gmake[1]: 'rfWsnNode_CC1310_LAUNCHXL_tirtos_ccs.out' is up to date.

**** Build Finished ****

**** Build of configuration Debug for project tirtos_builds_CC1310_LAUNCHXL_release_ccs ****

"C:\\ti\\ccsv7\\utils\\bin\\gmake" -k -j 4 all -O 
 
making ../src/sysbios/rom_sysbios.aem3 ...
gmake[1]: Nothing to be done for 'all'.
gmake[1]: Nothing to be done for 'configPkg/linker.cmd'.
making ../src/sysbios/rom_sysbios.aem3 ...
gmake[2]: Nothing to be done for 'all'.

**** Build Finished ****

**** Build of configuration Debug for project tirtos_builds_CC1310_LAUNCHXL_release_ccs ****

"C:\\ti\\ccsv7\\utils\\bin\\gmake" -k -j 4 all -O 
 
making ../src/sysbios/rom_sysbios.aem3 ...
gmake[1]: Nothing to be done for 'all'.
gmake[1]: Nothing to be done for 'configPkg/linker.cmd'.
making ../src/sysbios/rom_sysbios.aem3 ...
gmake[2]: Nothing to be done for 'all'.

**** Build Finished ****

**** Build of configuration Debug for project rfWsnNode_CC1310_LAUNCHXL_tirtos_ccs ****

"C:\\ti\\ccsv7\\utils\\bin\\gmake" -k -j 4 all -O 
 
gmake[1]: 'rfWsnNode_CC1310_LAUNCHXL_tirtos_ccs.out' is up to date.

**** Build Finished ****

**** Build of configuration Debug for project tirtos_builds_CC1310_LAUNCHXL_release_ccs ****

"C:\\ti\\ccsv7\\utils\\bin\\gmake" -k -j 4 all -O 
 
making ../src/sysbios/rom_sysbios.aem3 ...
gmake[1]: Nothing to be done for 'all'.
gmake[1]: Nothing to be done for 'configPkg/linker.cmd'.
making ../src/sysbios/rom_sysbios.aem3 ...
gmake[2]: Nothing to be done for 'all'.

**** Build Finished ****

**** Build of configuration Debug for project tirtos_builds_CC1310_LAUNCHXL_release_ccs ****

"C:\\ti\\ccsv7\\utils\\bin\\gmake" -k -j 4 all -O 
 
making ../src/sysbios/rom_sysbios.aem3 ...
gmake[1]: Nothing to be done for 'all'.
gmake[1]: Nothing to be done for 'configPkg/linker.cmd'.
making ../src/sysbios/rom_sysbios.aem3 ...
gmake[2]: Nothing to be done for 'all'.

**** Build Finished ****

**** Build of configuration Debug for project rfWsnNode_CC1310_LAUNCHXL_tirtos_ccs ****

"C:\\ti\\ccsv7\\utils\\bin\\gmake" -k -j 4 all -O 
 
gmake[1]: 'rfWsnNode_CC1310_LAUNCHXL_tirtos_ccs.out' is up to date.

**** Build Finished ****

**** Build of configuration Debug for project tirtos_builds_CC1310_LAUNCHXL_release_ccs ****

"C:\\ti\\ccsv7\\utils\\bin\\gmake" -k -j 4 all -O 
 
making ../src/sysbios/rom_sysbios.aem3 ...
gmake[1]: Nothing to be done for 'all'.
gmake[1]: Nothing to be done for 'configPkg/linker.cmd'.
making ../src/sysbios/rom_sysbios.aem3 ...
gmake[2]: Nothing to be done for 'all'.

**** Build Finished ****

**** Build of configuration Debug for project tirtos_builds_CC1310_LAUNCHXL_release_ccs ****

"C:\\ti\\ccsv7\\utils\\bin\\gmake" -k -j 4 all -O 
 
making ../src/sysbios/rom_sysbios.aem3 ...
gmake[1]: Nothing to be done for 'all'.
gmake[1]: Nothing to be done for 'configPkg/linker.cmd'.
making ../src/sysbios/rom_sysbios.aem3 ...
gmake[2]: Nothing to be done for 'all'.

**** Build Finished ****

**** Build of configuration Debug for project rfWsnNode_CC1310_LAUNCHXL_tirtos_ccs ****

"C:\\ti\\ccsv7\\utils\\bin\\gmake" -k -j 4 all -O 
 
gmake[1]: 'rfWsnNode_CC1310_LAUNCHXL_tirtos_ccs.out' is up to date.

**** Build Finished ****

**** Build of configuration Debug for project tirtos_builds_CC1310_LAUNCHXL_release_ccs ****

"C:\\ti\\ccsv7\\utils\\bin\\gmake" -k -j 4 all -O 
 
making ../src/sysbios/rom_sysbios.aem3 ...
gmake[1]: Nothing to be done for 'all'.
gmake[1]: Nothing to be done for 'configPkg/linker.cmd'.
making ../src/sysbios/rom_sysbios.aem3 ...
gmake[2]: Nothing to be done for 'all'.

**** Build Finished ****

**** Build of configuration Debug for project tirtos_builds_CC1310_LAUNCHXL_release_ccs ****

"C:\\ti\\ccsv7\\utils\\bin\\gmake" -k -j 4 all -O 
 
making ../src/sysbios/rom_sysbios.aem3 ...
gmake[1]: Nothing to be done for 'all'.
gmake[1]: Nothing to be done for 'configPkg/linker.cmd'.
making ../src/sysbios/rom_sysbios.aem3 ...
gmake[2]: Nothing to be done for 'all'.

**** Build Finished ****

**** Build of configuration Debug for project rfWsnNode_CC1310_LAUNCHXL_tirtos_ccs ****

"C:\\ti\\ccsv7\\utils\\bin\\gmake" -k -j 4 all -O 
 
gmake[1]: 'rfWsnNode_CC1310_LAUNCHXL_tirtos_ccs.out' is up to date.

**** Build Finished ****

**** Build of configuration Debug for project tirtos_builds_CC1310_LAUNCHXL_release_ccs ****

"C:\\ti\\ccsv7\\utils\\bin\\gmake" -k -j 4 all -O 
 
making ../src/sysbios/rom_sysbios.aem3 ...
gmake[1]: Nothing to be done for 'all'.
gmake[1]: Nothing to be done for 'configPkg/linker.cmd'.
making ../src/sysbios/rom_sysbios.aem3 ...
gmake[2]: Nothing to be done for 'all'.

**** Build Finished ****

**** Build of configuration Debug for project tirtos_builds_CC1310_LAUNCHXL_release_ccs ****

"C:\\ti\\ccsv7\\utils\\bin\\gmake" -k -j 4 all -O 
 
making ../src/sysbios/rom_sysbios.aem3 ...
gmake[1]: Nothing to be done for 'all'.
gmake[1]: Nothing to be done for 'configPkg/linker.cmd'.
making ../src/sysbios/rom_sysbios.aem3 ...
gmake[2]: Nothing to be done for 'all'.

**** Build Finished ****

**** Build of configuration Debug for project rfWsnNode_CC1310_LAUNCHXL_tirtos_ccs ****

"C:\\ti\\ccsv7\\utils\\bin\\gmake" -k -j 4 all -O 
 
'Building file: "../NodeRadioTask.c"'
'Invoking: ARM Compiler'
"C:/ti/ccsv7/tools/compiler/ti-cgt-arm_16.9.7.LTS/bin/armcl" -mv7M3 --code_state=16 --float_support=vfplib -me --include_path="D:/GIT/01_WPGS/02_FW/01_WSM/14_EasyLinkWSM/rfWsnNode_CC1310_LAUNCHXL_tirtos_ccs" --include_path="C:/ti/simplelink_cc13x0_sdk_1_60_00_21/source/ti/posix/ccs" --include_path="C:/ti/ccsv7/tools/compiler/ti-cgt-arm_16.9.7.LTS/include" --define=DeviceFamily_CC13X0 --define=CCFG_FORCE_VDDR_HH=0 -g --diag_warning=225 --diag_warning=255 --diag_wrap=off --display_error_number --gen_func_subsections=on --preproc_with_compile --preproc_dependency="NodeRadioTask.d_raw" --cmd_file="D:/GIT/01_WPGS/02_FW/01_WSM/14_EasyLinkWSM/tirtos_builds_CC1310_LAUNCHXL_release_ccs/Debug/configPkg/compiler.opt" "../NodeRadioTask.c"
"../NodeRadioTask.c", line 445: warning #552-D: variable "wlgmAddr" was set but never used
"../NodeRadioTask.c", line 88: warning #179-D: variable "ledPinHandle_init" was declared but never referenced
"../NodeRadioTask.c", line 89: warning #179-D: variable "ledPinState_init" was declared but never referenced
"../NodeRadioTask.c", line 442: warning #179-D: function "initsendPacket" was declared but never referenced
'Finished building: "../NodeRadioTask.c"'
 
'Building target: "rfWsnNode_CC1310_LAUNCHXL_tirtos_ccs.out"'
'Invoking: ARM Linker'
"C:/ti/ccsv7/tools/compiler/ti-cgt-arm_16.9.7.LTS/bin/armcl" -mv7M3 --code_state=16 --float_support=vfplib -me --define=DeviceFamily_CC13X0 --define=CCFG_FORCE_VDDR_HH=0 -g --diag_warning=225 --diag_warning=255 --diag_wrap=off --display_error_number --gen_func_subsections=on -z -m"rfWsnNode_CC1310_LAUNCHXL_tirtos_ccs.map" -i"C:/ti/ccsv7/tools/compiler/ti-cgt-arm_16.9.7.LTS/lib" -i"C:/ti/ccsv7/tools/compiler/ti-cgt-arm_16.9.7.LTS/include" --reread_libs --diag_wrap=off --display_error_number --warn_sections --xml_link_info="rfWsnNode_CC1310_LAUNCHXL_tirtos_ccs_linkInfo.xml" --rom_model -o "rfWsnNode_CC1310_LAUNCHXL_tirtos_ccs.out" "./CC1310_LAUNCHXL.obj" "./NodeRadioTask.obj" "./NodeTask.obj" "./SceAdc.obj" "./ccfg.obj" "./rfWsnNode.obj" "./easylink/EasyLink.obj" "./sce/scif.obj" "./sce/scif_framework.obj" "./sce/scif_osal_tirtos.obj" "./smartrf_settings/smartrf_settings.obj" "./smartrf_settings/smartrf_settings_predefined.obj" "../CC1310_LAUNCHXL_TIRTOS.cmd" -l"D:/GIT/01_WPGS/02_FW/01_WSM/14_EasyLinkWSM/tirtos_builds_CC1310_LAUNCHXL_release_ccs/Debug/configPkg/linker.cmd" -l"C:/ti/simplelink_cc13x0_sdk_1_60_00_21/source/ti/display/lib/display.aem3" -l"C:/ti/simplelink_cc13x0_sdk_1_60_00_21/source/ti/mw/lcd/lib/lcd.aem3" -l"C:/ti/simplelink_cc13x0_sdk_1_60_00_21/source/ti/grlib/lib/grlib.aem3" -l"C:/ti/simplelink_cc13x0_sdk_1_60_00_21/source/ti/drivers/rf/lib/rf_multiMode_cc13x0.aem3" -l"C:/ti/simplelink_cc13x0_sdk_1_60_00_21/source/ti/drivers/lib/drivers_cc13x0.aem3" -l"C:/ti/simplelink_cc13x0_sdk_1_60_00_21/source/ti/drivers/pdm/lib/pdm_cc13x0.aem3" -l"C:/ti/simplelink_cc13x0_sdk_1_60_00_21/kernel/tirtos/packages/ti/dpl/lib/dpl_cc13x0.aem3" -l"C:/ti/simplelink_cc13x0_sdk_1_60_00_21/source/ti/devices/cc13x0/driverlib/bin/ccs/driverlib.lib" -llibc.a 
<Linking>
'Finished building target: "rfWsnNode_CC1310_LAUNCHXL_tirtos_ccs.out"'
 

**** Build Finished ****
